dtlz.csv

   1    kmeans9 (                     *   |                        ), 0.438,  0.438,  0.438,  0.438,  0.438
   1   kmeans20 (                     *   |                        ), 0.438,  0.438,  0.438,  0.438,  0.438
   1   kmeans32 (                     *   |                        ), 0.438,  0.438,  0.438,  0.438,  0.438
   1   kmeans64 (                     *   |                        ), 0.438,  0.438,  0.438,  0.438,  0.438
   1  kmeanspp9 (                     *   |                        ), 0.438,  0.438,  0.438,  0.438,  0.438
   1 kmeanspp20 (                     *   |                        ), 0.438,  0.438,  0.438,  0.438,  0.438
   1 kmeanspp32 (                     *   |                        ), 0.438,  0.438,  0.438,  0.438,  0.438
   2 kmeanspp64 (                     *   |                        ), 0.438,  0.438,  0.438,  0.438,  0.438
   3      rrp64 (                        -|*----                   ), 0.473,  0.486,  0.530,  0.576,  0.622
   4     rand64 (                         |-*-                     ), 0.506,  0.533,  0.546,  0.565,  0.580
   5      rrp32 (                         |--*--                   ), 0.510,  0.533,  0.561,  0.607,  0.630
   5     rand32 (                         | -*--                   ), 0.533,  0.552,  0.578,  0.596,  0.626
   6     rand20 (                         | --*--                  ), 0.533,  0.560,  0.582,  0.630,  0.654
   6      rrp20 (                         | ---*----               ), 0.510,  0.545,  0.601,  0.640,  0.717
   7      rand9 (                         |  ---*---               ), 0.560,  0.578,  0.629,  0.654,  0.709
   8       rrp9 (                         |    -*-----             ), 0.545,  0.607,  0.640,  0.679,  0.749
   9      smo32 (                         |      -*--------        ), 0.629,  0.645,  0.667,  0.772,  0.841
   9       smo9 (    *--------------------|--------------------    ), 0.587,  0.626,  0.690,  0.778,  6.668
   9      smo20 (                         |      --*---------      ), 0.639,  0.657,  0.694,  0.774,  0.884
   9      smo64 (                         |      ---*--------      ), 0.587,  0.641,  0.703,  0.716,  0.883
__________________________________________________________________________________________

