xomo_final.csv

   1    kmeans9 (    *                    |                        ), 0.088,  0.088,  0.088,  0.088,  0.088
   1   kmeans20 (    *                    |                        ), 0.088,  0.088,  0.088,  0.088,  0.088
   1   kmeans32 (    *                    |                        ), 0.088,  0.088,  0.088,  0.088,  0.088
   1   kmeans64 (    *                    |                        ), 0.088,  0.088,  0.088,  0.088,  0.088
   1  kmeanspp9 (    *                    |                        ), 0.088,  0.088,  0.088,  0.088,  0.088
   1 kmeanspp20 (    *                    |                        ), 0.088,  0.088,  0.088,  0.088,  0.088
   2 kmeanspp32 (    *                    |                        ), 0.088,  0.088,  0.088,  0.088,  0.088
   2 kmeanspp64 (    *                    |                        ), 0.088,  0.088,  0.088,  0.088,  0.088
   3      rrp64 (                         |   -------*--------     ), 10.158,  30.108,  36.977,  41.101,  46.264
   4      rrp20 (                       --|----*---------------    ), 19.723,  30.378,  38.639,  47.716,  58.304
   5      rrp32 (                       --|----*---------------    ), 19.723,  30.378,  38.639,  47.716,  58.304
   6       rrp9 (                 ------*-|------------            ), 30.108,  38.639,  51.593,  70.986,  83.972
   7     rand64 (                  -------|-*-------------------   ), 38.881,  39.564,  59.822,  80.996,  103.264
   8     rand32 (                        -|--------*-------------- ), 39.564,  60.675,  85.338,  113.292,  121.368
   9     rand20 (                        -|----*------------------ ), 59.822,  74.536,  92.848,  121.368,  152.583
  10      rand9 (                         |         -----*-------- ), 71.692,  115.403,  133.152,  151.565,  160.873
  11       smo9 (                         | -------*-------------  ), 98.942,  110.148,  138.345,  169.176,  192.979
  12      smo20 (                         |      -----*----------- ), 124.598,  132.024,  152.042,  173.241,  203.948
  13      smo64 (                  -------*-----------             ), 107.819,  120.254,  161.737,  200.966,  241.881
  13      smo32 (                     ---*|-----------             ), 94.314,  144.608,  168.193,  183.494,  252.164
__________________________________________________________________________________________

