#best, mid
0.25 0.43
0.3 0.54
0.25 0.43
0.39 0.43
0.25 0.43
0.24 0.55
0.34 0.43
0.26 0.43
0.19 0.42
0.31 0.43
0.38 0.43
0.3 0.43
0.35 0.43
0.33 0.43
0.37 0.43
0.33 0.43
0.26 0.44
0.25 0.47
0.3 0.43
0.25 0.43
1. top 6 
 [[2155, 16.4, 30], [1613, 18, 40], [2565, 13.6, 30], [4360, 14.9, 20], [2914, 16, 20], [3282, 15, 20]]

1. top 6 
 [[2395, 16, 20], [1835, 20.5, 30], [2265, 18.2, 30], [3121, 16.5, 20], [4363, 13, 10], [3445, 13.4, 20]]

1. top 6 
 [[4951, 11, 10], [4325, 12.2, 20], [3781, 17, 20], [2124, 13.5, 20], [2735, 18, 30], [2582, 14, 20]]

1. top 6 
 [[2265, 18.2, 30], [3070, 16.7, 20], [4215, 12.8, 10], [2472, 14, 20], [2245, 16.9, 30], [2965, 15.8, 20]]

1. top 6 
 [[4278, 9.5, 20], [1836, 21, 30], [3651, 17.7, 20], [2310, 18.5, 20], [2391, 15.5, 30], [3439, 15.5, 20]]

1. top 6 
 [[2545, 17, 20], [2375, 17.5, 30], [3735, 13.2, 20], [2126, 17, 30], [2255, 17.7, 30], [2930, 15.5, 20]]

1. top 6 
 [[3265, 18.2, 20], [4055, 12, 10], [2933, 14.5, 20], [3070, 16.7, 20], [3015, 17, 40], [2164, 22.1, 20]]

1. top 6 
 [[3193, 17.8, 20], [2950, 19.9, 40], [2711, 15.5, 30], [1985, 16.4, 30], [3785, 19, 20], [2910, 11.4, 30]]

1. top 6 
 [[2065, 14.5, 30], [1834, 19, 30], [4633, 11, 10], [3102, 16.5, 20], [2515, 14.8, 20], [4060, 19, 20]]

1. top 6 
 [[4042, 14.5, 10], [2595, 11.3, 30], [2278, 15.5, 20], [2300, 14.7, 30], [3380, 15.8, 20], [1825, 12.2, 30]]

1. top 6 
 [[1985, 16, 30], [4135, 13.5, 20], [3605, 15, 20], [4295, 14.9, 20], [3102, 16.5, 20], [1950, 21, 30]]

1. top 6 
 [[2500, 15.1, 40], [3962, 13.9, 20], [2205, 14.5, 40], [2694, 15, 20], [3613, 16.5, 20], [3329, 15.5, 20]]

1. top 6 
 [[2265, 15.5, 30], [3897, 18.5, 20], [1925, 14, 30], [2300, 14.7, 30], [2639, 17, 20], [2035, 22.2, 30]]

1. top 6 
 [[2310, 18.5, 20], [2401, 19.5, 20], [2755, 15.8, 30], [4098, 14, 10], [2019, 16.4, 40], [2945, 16, 20]]

1. top 6 
 [[1995, 16.2, 40], [2950, 19.9, 40], [3761, 9.5, 20], [2110, 19.2, 40], [4215, 12.8, 10], [3892, 12.5, 20]]

1. top 6 
 [[4354, 9, 10], [1975, 15.2, 30], [4425, 10, 10], [3693, 11.5, 20], [5140, 12, 10], [2190, 14.1, 30]]

1. top 6 
 [[3230, 20.4, 30], [3897, 18.5, 20], [3840, 15.4, 20], [2135, 16.6, 30], [1613, 18, 40], [2190, 14.2, 30]]

1. top 6 
 [[4657, 13.5, 10], [2045, 18.5, 30], [3085, 17.6, 20], [3399, 11, 20], [2634, 13, 20], [3060, 17.1, 20]]

1. top 6 
 [[3425, 16.9, 20], [2290, 17, 30], [2635, 16.4, 30], [2205, 14.5, 40], [2575, 16.2, 30], [4077, 14, 10]]

1. top 6 
 [[2592, 18.5, 20], [2003, 19, 30], [2046, 19, 30], [4055, 12, 10], [3190, 24.8, 30], [2875, 17, 20]]

2. top 50 
 [[2155, 16.4, 30], [1613, 18, 40], [2565, 13.6, 30], [4360, 14.9, 20], [2914, 16, 20], [3282, 15, 20], [3221, 13.5, 20], [3504, 12, 20], [4457, 13.5, 10], [2702, 13.5, 20], [2065, 17.8, 30], [1845, 15.3, 30], [1835, 17.3, 40], [2110, 17.9, 50], [3445, 13.4, 20], [3880, 12.5, 20], [4080, 13.7, 20], [2164, 22.1, 20], [3302, 15.5, 20], [4141, 14, 20], [2800, 14.4, 30], [3830, 15.2, 20], [2230, 14.5, 30], [2265, 18.2, 30], [2572, 14.9, 30], [2575, 16.2, 30], [2223, 16.5, 30], [1980, 15.3, 40], [2000, 16, 30], [2234, 12.5, 30], [2542, 17, 30], [1834, 19, 30], [3630, 17.7, 20], [2560, 14.2, 30], [2188, 15.8, 30], [3365, 15.5, 20], [2670, 15, 30], [2158, 15.5, 20], [4077, 14, 10], [4312, 8.5, 10], [3270, 21.9, 20], [2950, 17.3, 30], [1835, 20.5, 30], [3399, 11, 20], [3761, 9.5, 20], [4096, 13, 10], [4732, 18.5, 10], [4502, 13.5, 10], [2855, 17.6, 20], [3613, 16.5, 20]]

2. top 50 
 [[2395, 16, 20], [1835, 20.5, 30], [2265, 18.2, 30], [3121, 16.5, 20], [4363, 13, 10], [3445, 13.4, 20], [2123, 14, 30], [3102, 16.5, 20], [4657, 13.5, 10], [3233, 15.4, 20], [3329, 15.5, 20], [3525, 19, 20], [4129, 13, 10], [3365, 15.5, 20], [3250, 21.8, 30], [1940, 14.5, 30], [3821, 11, 10], [2335, 23.7, 40], [2672, 17.5, 30], [2379, 16.5, 20], [2506, 14.5, 20], [2278, 15.5, 20], [2065, 14.5, 30], [2855, 17.6, 20], [2130, 14.5, 30], [3962, 13.9, 20], [3353, 14.5, 20], [1995, 16.2, 40], [1845, 15.3, 30], [2160, 14.5, 40], [1867, 19.5, 30], [2108, 15.5, 20], [2930, 13.8, 20], [2464, 15.5, 30], [2075, 15.9, 30], [3410, 15.1, 20], [3415, 15.8, 20], [4257, 15.5, 10], [2790, 15.6, 30], [2984, 14.5, 20], [2979, 19.5, 20], [2150, 14.9, 30], [3672, 11.5, 20], [4274, 12, 10], [2171, 16, 30], [1950, 19, 30], [3302, 15.5, 20], [2615, 14.8, 30], [3190, 24.8, 30], [2395, 18, 30]]

2. top 50 
 [[4951, 11, 10], [4325, 12.2, 20], [3781, 17, 20], [2124, 13.5, 20], [2735, 18, 30], [2582, 14, 20], [2740, 16, 20], [4746, 12, 10], [3381, 18.7, 20], [2665, 13.9, 30], [3336, 17, 20], [4615, 14, 10], [3210, 17.2, 20], [4997, 14, 10], [2865, 16.4, 20], [3282, 15, 20], [4335, 14.5, 20], [2375, 17.5, 30], [2660, 14, 20], [3190, 24.8, 30], [4154, 13.5, 10], [3265, 18.2, 20], [3121, 16.5, 20], [3233, 15.4, 20], [2430, 14.5, 20], [3085, 17.6, 20], [3155, 18.2, 20], [3070, 16.7, 20], [3278, 18, 20], [3630, 17.7, 20], [3570, 12.8, 20], [2635, 16.4, 30], [2542, 17.5, 30], [2900, 12.6, 30], [3940, 13.2, 10], [2085, 21.7, 40], [2164, 22.1, 20], [2592, 18.5, 20], [2868, 15.5, 20], [3730, 19, 20], [1773, 19, 30], [1975, 15.2, 30], [3139, 14.5, 20], [4096, 13, 10], [2904, 16, 20], [2228, 14, 30], [1875, 16.4, 40], [2962, 13.5, 20], [1915, 14.4, 40], [1965, 15.7, 30]]

2. top 50 
 [[2265, 18.2, 30], [3070, 16.7, 20], [4215, 12.8, 10], [2472, 14, 20], [2245, 16.9, 30], [2965, 15.8, 20], [4141, 14, 20], [2155, 14.8, 30], [3245, 15.4, 20], [1795, 17.5, 30], [3436, 11, 20], [4060, 19, 20], [2870, 18.1, 30], [1965, 15, 40], [2300, 14.7, 30], [2430, 14.5, 20], [2464, 15.5, 30], [2395, 18, 30], [3449, 10.5, 20], [1950, 19, 30], [4335, 14.5, 20], [2490, 15.7, 30], [4055, 12, 10], [4735, 11, 10], [3525, 19, 20], [2582, 14, 20], [2120, 15.5, 30], [2110, 19.2, 40], [2950, 19.9, 40], [2451, 16.5, 30], [1800, 14.4, 40], [4422, 12.5, 10], [2380, 20.7, 30], [2220, 16.9, 30], [1980, 15.3, 40], [3897, 18.5, 20], [2350, 16.8, 30], [4425, 10, 10], [4042, 14.5, 10], [2774, 15.5, 20], [2130, 14.7, 40], [2265, 15.2, 30], [2265, 15.5, 30], [2310, 18.5, 20], [4190, 13, 20], [3012, 17.6, 20], [2639, 17, 20], [1825, 12.2, 30], [2700, 12.9, 30], [2979, 19.5, 20]]

2. top 50 
 [[4278, 9.5, 20], [1836, 21, 30], [3651, 17.7, 20], [2310, 18.5, 20], [2391, 15.5, 30], [3439, 15.5, 20], [3210, 17.2, 20], [4135, 13.5, 20], [2665, 13.9, 30], [2126, 17, 30], [2219, 16.5, 30], [3432, 21, 20], [3420, 22.2, 20], [4080, 13.7, 20], [4385, 12, 10], [4354, 9, 10], [3632, 18, 20], [2046, 19, 30], [4376, 15, 10], [2720, 13.5, 20], [2164, 15, 30], [2545, 17, 20], [2615, 14.8, 30], [2220, 14, 20], [3449, 10.5, 20], [2950, 17.3, 30], [3155, 18.2, 20], [2210, 14.4, 30], [4456, 13.5, 10], [4955, 11.5, 10], [1985, 16, 30], [3336, 17, 20], [2158, 15.5, 20], [4140, 13.7, 20], [2900, 12.6, 30], [3570, 12.8, 20], [2560, 14.2, 30], [2155, 14.8, 30], [1825, 18.6, 40], [2145, 18, 30], [4335, 14.5, 20], [2070, 18.6, 40], [2189, 18, 30], [4638, 16, 10], [2945, 16.4, 30], [2585, 14.5, 30], [2155, 16.4, 30], [1985, 16.4, 30], [2670, 15, 30], [2350, 16.8, 30]]

2. top 50 
 [[2545, 17, 20], [2375, 17.5, 30], [3735, 13.2, 20], [2126, 17, 30], [2255, 17.7, 30], [2930, 15.5, 20], [3410, 15.8, 20], [3563, 10, 20], [2245, 16.9, 30], [2395, 16, 20], [2401, 19.5, 20], [3530, 20.1, 30], [4746, 12, 10], [3158, 19.5, 20], [1867, 19.5, 30], [1613, 18, 40], [4312, 8.5, 10], [3940, 13.2, 10], [2542, 17.5, 30], [1760, 16.1, 40], [3955, 13.2, 20], [3070, 16.7, 20], [3085, 17.6, 20], [3651, 17.7, 20], [3210, 17.2, 20], [1925, 14, 30], [3003, 20.1, 20], [2288, 17, 30], [2051, 17, 30], [2635, 16.4, 30], [2074, 19.5, 30], [4295, 14.9, 20], [2219, 16.5, 30], [3155, 18.2, 20], [2678, 16.5, 30], [2587, 16, 20], [4385, 12, 10], [3439, 15.5, 20], [3940, 13, 20], [2295, 11.6, 30], [3988, 13, 10], [2190, 14.1, 30], [3140, 13.6, 20], [2189, 18, 30], [2720, 15.4, 30], [2694, 15, 20], [3425, 16.9, 20], [4100, 13, 10], [2979, 19.5, 20], [2150, 14.9, 30]]

2. top 50 
 [[3265, 18.2, 20], [4055, 12, 10], [2933, 14.5, 20], [3070, 16.7, 20], [3015, 17, 40], [2164, 22.1, 20], [3399, 11, 20], [2130, 14.5, 30], [3988, 13, 10], [4464, 12, 10], [2945, 14.5, 20], [2155, 16.4, 30], [2395, 16, 20], [1963, 15.5, 30], [2126, 17, 30], [4082, 13, 20], [2800, 14.4, 30], [3651, 17.7, 20], [2635, 16.4, 30], [3535, 19.2, 20], [1937, 14, 30], [1850, 13.8, 40], [2635, 18.3, 30], [2950, 17.3, 30], [2264, 15.5, 30], [2671, 13.5, 30], [4257, 15.5, 10], [2135, 16.6, 30], [3459, 16, 20], [4312, 8.5, 10], [4060, 19, 20], [2108, 15.5, 20], [2234, 12.5, 30], [2420, 12.5, 20], [2639, 17, 20], [2930, 13.8, 20], [4294, 16, 10], [4140, 13.7, 20], [2070, 18.6, 40], [2506, 14.5, 20], [4951, 11, 10], [4654, 13, 10], [2074, 19.5, 30], [2592, 18.5, 20], [3380, 15.8, 20], [1925, 14, 30], [4456, 13.5, 10], [1800, 14.4, 40], [1980, 15.3, 40], [1835, 17.3, 40]]

2. top 50 
 [[3193, 17.8, 20], [2950, 19.9, 40], [2711, 15.5, 30], [1985, 16.4, 30], [3785, 19, 20], [2910, 11.4, 30], [2745, 16.7, 20], [4154, 13.5, 10], [2720, 19.4, 30], [2100, 16.5, 30], [1985, 19.4, 30], [2600, 12.8, 20], [2380, 20.7, 30], [2164, 15, 30], [2234, 12.5, 30], [2795, 15.7, 20], [2615, 14.8, 30], [2930, 13.8, 20], [4425, 10, 10], [3664, 11, 10], [4499, 12.5, 10], [3415, 15.8, 20], [3777, 12.5, 20], [2300, 14.7, 30], [2395, 16, 20], [2868, 15.5, 20], [2000, 16, 30], [2855, 17.6, 20], [3761, 9.5, 20], [3039, 15, 20], [2264, 15.5, 30], [4100, 13, 10], [2215, 14.9, 30], [2205, 14.5, 40], [4080, 13.7, 20], [1835, 17.3, 40], [1990, 14.9, 30], [4615, 14, 10], [3830, 15.2, 20], [2155, 14.8, 30], [1795, 17.5, 30], [3574, 21, 20], [2542, 17, 30], [2160, 14.5, 40], [1755, 16.9, 40], [3410, 15.1, 20], [4385, 12, 10], [2582, 14, 20], [4220, 11.1, 20], [1970, 17.6, 30]]

2. top 50 
 [[2065, 14.5, 30], [1834, 19, 30], [4633, 11, 10], [3102, 16.5, 20], [2515, 14.8, 20], [4060, 19, 20], [3139, 14.5, 20], [2984, 14.5, 20], [2506, 14.5, 20], [4055, 12, 10], [3353, 14.5, 20], [3955, 13.2, 20], [1795, 17.4, 30], [2725, 12.6, 20], [3632, 18, 20], [2164, 15, 30], [2587, 16, 20], [4154, 13.5, 10], [1875, 16.4, 40], [3730, 19, 20], [4668, 11.5, 20], [2815, 14.5, 20], [2075, 15.9, 30], [1968, 18.8, 40], [3265, 18.2, 20], [1760, 16.1, 40], [2434, 15, 40], [2565, 13.6, 30], [2372, 15, 20], [3645, 16.2, 20], [2125, 14.7, 40], [2255, 17.7, 30], [4732, 18.5, 10], [4220, 11.1, 20], [3035, 20.5, 20], [1950, 21, 30], [2556, 13.2, 30], [1825, 18.6, 40], [2901, 16, 20], [1836, 21, 30], [2950, 17.3, 30], [3415, 15.8, 20], [2957, 17, 20], [2125, 17.3, 40], [2150, 14.9, 30], [3365, 15.5, 20], [2408, 19.5, 20], [1800, 14.4, 40], [2375, 17.5, 30], [4699, 14.5, 10]]

2. top 50 
 [[4042, 14.5, 10], [2595, 11.3, 30], [2278, 15.5, 20], [2300, 14.7, 30], [3380, 15.8, 20], [1825, 12.2, 30], [2188, 15.8, 30], [2100, 16.5, 30], [3570, 12.8, 20], [2158, 15.5, 20], [2320, 15.8, 30], [3436, 11, 20], [1985, 16.4, 30], [2565, 13.6, 30], [3535, 19.2, 20], [2901, 16, 20], [1990, 14.9, 30], [1760, 16.1, 40], [2145, 18, 30], [4278, 9.5, 20], [2900, 12.6, 30], [2372, 15, 20], [2210, 14.4, 30], [2202, 15.3, 30], [1985, 19.4, 30], [2930, 13.8, 20], [2587, 16, 20], [2582, 14, 20], [3353, 14.5, 20], [2190, 14.2, 30], [4422, 12.5, 10], [1845, 15.3, 30], [2310, 18.5, 20], [1773, 19, 30], [1965, 15, 40], [2108, 15.5, 20], [2391, 15.5, 30], [2795, 15.7, 20], [2585, 14.5, 30], [2671, 13.5, 30], [1945, 16.8, 30], [3288, 15.5, 20], [3645, 16.2, 20], [2126, 17, 30], [3003, 20.1, 20], [2130, 14.5, 30], [4220, 11.1, 20], [3672, 11.5, 20], [1940, 14.5, 30], [2451, 16.5, 30]]

2. top 50 
 [[1985, 16, 30], [4135, 13.5, 20], [3605, 15, 20], [4295, 14.9, 20], [3102, 16.5, 20], [1950, 21, 30], [2870, 18.1, 30], [4997, 14, 10], [3336, 17, 20], [2600, 12.8, 20], [3870, 15, 10], [1867, 19.5, 30], [1985, 21.5, 40], [2565, 13.6, 30], [2246, 14, 30], [2130, 14.5, 30], [3955, 13.2, 20], [3735, 13.2, 20], [1915, 14.4, 40], [4278, 9.5, 20], [1773, 19, 30], [2800, 14.4, 30], [4955, 11.5, 10], [2130, 14.5, 30], [2000, 16, 30], [1825, 18.6, 40], [3425, 13.2, 20], [4190, 13, 20], [4456, 13.5, 10], [3160, 19.6, 30], [3021, 16.5, 20], [3155, 18.2, 20], [3085, 17.6, 20], [3270, 21.9, 20], [3672, 11.5, 10], [2595, 11.3, 30], [3962, 13.9, 20], [3907, 21, 20], [2255, 17.7, 30], [2815, 14.5, 20], [2575, 16.2, 30], [2720, 19.4, 30], [2605, 19.6, 30], [3563, 10, 20], [2279, 19, 20], [2401, 19.5, 20], [2125, 14.5, 30], [1835, 20.5, 30], [2725, 12.6, 20], [2265, 18.2, 30]]

2. top 50 
 [[2500, 15.1, 40], [3962, 13.9, 20], [2205, 14.5, 40], [2694, 15, 20], [3613, 16.5, 20], [3329, 15.5, 20], [2990, 18.2, 20], [2035, 22.2, 30], [3353, 14.5, 20], [2572, 14.9, 30], [2515, 14.8, 20], [4341, 10, 20], [3150, 15.7, 20], [4312, 8.5, 10], [2145, 18, 30], [3955, 13.2, 20], [4354, 9, 10], [4499, 12.5, 10], [2711, 15.5, 30], [3632, 18, 20], [3897, 18.5, 20], [4498, 14.5, 20], [3735, 13.2, 20], [4955, 11.5, 10], [2125, 17.3, 40], [3940, 13.2, 10], [1834, 19, 30], [4360, 14.9, 20], [3821, 11, 10], [4615, 14, 10], [3570, 12.8, 20], [3288, 15.5, 20], [3380, 15.8, 20], [2070, 18.6, 40], [3302, 15.5, 20], [4951, 11, 10], [1975, 19.4, 40], [4237, 14.5, 10], [3265, 18.2, 20], [1835, 17.3, 40], [4376, 15, 10], [2910, 11.4, 30], [2745, 16.7, 20], [3755, 14, 10], [2720, 19.4, 30], [3430, 17.2, 20], [3940, 13, 20], [2220, 16.9, 30], [4425, 10, 10], [2472, 14, 20]]

2. top 50 
 [[2265, 15.5, 30], [3897, 18.5, 20], [1925, 14, 30], [2300, 14.7, 30], [2639, 17, 20], [2035, 22.2, 30], [2815, 14.5, 20], [4129, 13, 10], [2070, 18.6, 40], [3439, 15.5, 20], [2220, 14, 20], [2379, 16.5, 20], [4215, 13, 20], [3003, 20.1, 20], [2000, 16, 30], [2720, 13.5, 20], [3432, 21, 20], [3425, 16.9, 20], [2123, 14, 30], [2945, 16, 20], [2990, 18.2, 20], [2625, 18.6, 30], [2228, 14, 30], [2050, 17.3, 40], [2335, 23.7, 40], [2234, 12.5, 30], [3329, 15.5, 20], [2542, 17.5, 30], [2200, 13.2, 30], [4955, 11.5, 10], [3415, 15.8, 20], [1980, 15.3, 40], [3155, 18.2, 20], [1795, 17.4, 30], [3070, 16.7, 20], [3504, 12, 20], [5140, 12, 10], [1950, 19, 30], [2901, 16, 20], [3160, 19.6, 30], [1915, 14.4, 40], [2124, 13.5, 20], [2110, 17.9, 50], [4498, 14.5, 20], [2670, 16, 30], [4135, 13.5, 20], [3563, 10, 20], [2542, 17, 30], [2254, 23.5, 20], [4055, 12, 10]]

2. top 50 
 [[2310, 18.5, 20], [2401, 19.5, 20], [2755, 15.8, 30], [4098, 14, 10], [2019, 16.4, 40], [2945, 16, 20], [2335, 23.7, 40], [2202, 15.3, 30], [4385, 12, 10], [3459, 16, 20], [2051, 17, 30], [1975, 15.2, 30], [2490, 15.7, 30], [2904, 16, 20], [2914, 16, 20], [2210, 14.4, 30], [2100, 16.5, 30], [4190, 13, 20], [2126, 17, 30], [2375, 17.5, 30], [2070, 18.6, 40], [2745, 16.7, 20], [2430, 14.5, 20], [4363, 13, 10], [3570, 12.8, 20], [2694, 15, 20], [2046, 19, 30], [4129, 13, 10], [4082, 13, 20], [2110, 17.9, 50], [4294, 16, 10], [2045, 16.2, 30], [2807, 13.5, 20], [2830, 15.9, 20], [3121, 16.5, 20], [3039, 15, 20], [3302, 15.5, 20], [2145, 18, 30], [2945, 16.4, 30], [2228, 14, 30], [4341, 10, 20], [2372, 15, 20], [4952, 11.5, 10], [2930, 13.8, 20], [1985, 16, 30], [2592, 18.5, 20], [2379, 16.5, 20], [4654, 13, 10], [3012, 17.6, 20], [3609, 8, 10]]

2. top 50 
 [[1995, 16.2, 40], [2950, 19.9, 40], [3761, 9.5, 20], [2110, 19.2, 40], [4215, 12.8, 10], [3892, 12.5, 20], [3433, 12, 20], [2914, 16, 20], [2965, 15.8, 20], [2155, 16.4, 30], [3211, 17, 20], [3940, 13.2, 10], [3439, 15.5, 20], [4376, 15, 10], [3288, 15.5, 20], [1835, 20.5, 30], [2150, 14.9, 30], [3672, 11.5, 20], [2205, 14.5, 40], [2085, 21.7, 40], [2542, 17, 30], [2226, 16.5, 20], [3365, 15.5, 20], [1955, 20.5, 30], [2130, 14.5, 30], [3651, 17.7, 20], [3035, 20.5, 20], [3210, 17.2, 20], [4951, 11, 10], [2755, 15.8, 30], [2582, 14, 20], [3102, 16.5, 20], [3730, 19, 20], [2130, 14.7, 40], [3380, 15.8, 20], [2830, 15.9, 20], [2245, 16.9, 30], [4335, 14.5, 20], [3264, 16, 20], [2605, 19.6, 30], [3282, 15, 20], [4060, 19, 20], [2220, 14, 20], [3430, 17.2, 20], [3465, 16.6, 20], [4382, 13.5, 10], [4190, 13, 20], [2930, 15.5, 20], [2158, 15.5, 20], [4295, 14.9, 20]]

2. top 50 
 [[4354, 9, 10], [1975, 15.2, 30], [4425, 10, 10], [3693, 11.5, 20], [5140, 12, 10], [2190, 14.1, 30], [3940, 13.2, 10], [3672, 11.5, 10], [3432, 21, 20], [2215, 14.9, 30], [2330, 13.5, 20], [2202, 15.3, 30], [2210, 14.4, 30], [4098, 14, 10], [1925, 14, 30], [3360, 16.6, 20], [2385, 12.9, 30], [4215, 13, 20], [3730, 19, 20], [4295, 14.9, 20], [3430, 17.2, 20], [3459, 16, 20], [2395, 18, 30], [4190, 13, 20], [2868, 15.5, 20], [1845, 15.3, 30], [3672, 11.5, 20], [2350, 16.8, 30], [1990, 17, 30], [3907, 21, 20], [4363, 13, 10], [1937, 14, 30], [1875, 16.4, 40], [4341, 10, 20], [1950, 19, 30], [2310, 18.5, 20], [4165, 11.4, 20], [2830, 15.9, 20], [3264, 16, 20], [4060, 19, 20], [2290, 17, 30], [2670, 16, 30], [3193, 17.8, 20], [3221, 13.5, 20], [3121, 16.5, 20], [3755, 14, 10], [4657, 13.5, 10], [2003, 19, 30], [2635, 18.3, 30], [2264, 15.5, 30]]

2. top 50 
 [[3230, 20.4, 30], [3897, 18.5, 20], [3840, 15.4, 20], [2135, 16.6, 30], [1613, 18, 40], [2190, 14.2, 30], [2230, 14.5, 30], [3820, 16.7, 20], [1825, 12.2, 30], [2634, 13, 20], [2085, 21.7, 40], [1968, 18.8, 40], [3021, 16.5, 20], [4456, 13.5, 10], [4464, 11.5, 10], [2123, 14, 30], [2945, 16.4, 30], [2640, 18.6, 30], [2489, 15, 20], [2070, 18.6, 40], [1995, 16.2, 40], [3425, 16.9, 20], [2585, 14.5, 30], [2226, 16.5, 20], [2945, 14.5, 20], [2155, 16.5, 30], [2200, 13.2, 30], [4060, 19, 20], [4141, 14, 20], [1836, 21, 30], [2219, 16.5, 30], [2278, 15.5, 20], [4422, 12.5, 10], [3360, 16.6, 20], [2126, 17, 30], [1867, 19.5, 30], [1985, 21.5, 40], [2575, 16.2, 30], [1845, 15.3, 30], [3955, 13.2, 20], [2990, 18.2, 20], [2639, 17, 20], [4952, 11.5, 10], [4380, 12.1, 20], [4274, 12, 10], [4425, 10, 10], [3535, 19.2, 20], [2100, 16.5, 30], [4382, 13.5, 10], [2245, 16.9, 30]]

2. top 50 
 [[4657, 13.5, 10], [2045, 18.5, 30], [3085, 17.6, 20], [3399, 11, 20], [2634, 13, 20], [3060, 17.1, 20], [3735, 13.2, 20], [1835, 20.5, 30], [2019, 16.4, 40], [2815, 14.5, 20], [2264, 15.5, 30], [2950, 17.3, 30], [2215, 14.9, 30], [2830, 15.9, 20], [2565, 13.6, 30], [2405, 14.9, 20], [3039, 15, 20], [2740, 16, 20], [1825, 18.6, 40], [2190, 14.2, 30], [4380, 12.1, 20], [3620, 18.7, 20], [3425, 13.2, 20], [3230, 20.4, 30], [1963, 15.5, 30], [4215, 12.8, 10], [2542, 17.5, 30], [3420, 22.2, 20], [3410, 15.1, 20], [2639, 17, 20], [2648, 15, 20], [2158, 15.5, 20], [2962, 13.5, 20], [3035, 20.5, 20], [2130, 14.5, 30], [2155, 16.5, 30], [2865, 16.4, 20], [2542, 17, 30], [3613, 16.5, 20], [4190, 13, 20], [1800, 14.4, 40], [2984, 14.5, 20], [1945, 16.8, 30], [4906, 12.5, 10], [3725, 13.4, 20], [4457, 13.5, 10], [2025, 18.2, 40], [2868, 15.5, 20], [2395, 16, 20], [2051, 17, 30]]

2. top 50 
 [[3425, 16.9, 20], [2290, 17, 30], [2635, 16.4, 30], [2205, 14.5, 40], [2575, 16.2, 30], [4077, 14, 10], [2246, 14, 30], [3449, 10.5, 20], [3121, 16.5, 20], [2234, 12.5, 30], [2648, 15, 20], [3445, 13.4, 20], [1985, 16.4, 30], [2774, 15.5, 20], [4220, 11.1, 20], [2202, 15.3, 30], [2870, 18.1, 30], [1915, 14.4, 40], [2587, 16, 20], [2265, 15.5, 30], [2085, 21.7, 40], [3672, 11.5, 10], [2660, 14, 20], [1985, 16, 30], [2605, 19.6, 30], [2278, 15.5, 20], [2625, 18.6, 30], [2950, 17.3, 30], [3962, 13.9, 20], [2789, 15, 20], [1985, 21.5, 40], [2500, 15.1, 40], [3504, 12, 20], [4633, 11, 10], [2833, 15.5, 20], [2890, 17.3, 20], [1940, 14.5, 30], [4440, 14, 20], [3282, 15, 20], [2542, 17, 30], [4335, 14.5, 20], [2230, 14.5, 30], [4237, 14.5, 10], [3329, 15.5, 20], [2865, 16.4, 20], [2391, 15.5, 30], [4425, 10, 10], [2070, 18.6, 40], [2190, 14.1, 30], [2220, 16.9, 30]]

2. top 50 
 [[2592, 18.5, 20], [2003, 19, 30], [2046, 19, 30], [4055, 12, 10], [3190, 24.8, 30], [2875, 17, 20], [5140, 12, 10], [2511, 18, 20], [2330, 13.5, 20], [3169, 12, 10], [3193, 17.8, 20], [3620, 18.7, 20], [2125, 14.7, 40], [4425, 10, 10], [2074, 19.5, 30], [2560, 14.2, 30], [2648, 15, 20], [2585, 14.5, 30], [4274, 12, 10], [3399, 11, 20], [3265, 18.2, 20], [3962, 13.9, 20], [2490, 15.7, 30], [4735, 11, 10], [1950, 19, 30], [2720, 19.4, 30], [1970, 17.6, 30], [3329, 15.5, 20], [1945, 16.8, 30], [4440, 14, 20], [3288, 15.5, 20], [4955, 11.5, 10], [3651, 17.7, 20], [2945, 14.5, 20], [3425, 16.9, 20], [2945, 16.4, 30], [2711, 15.5, 30], [3264, 16, 20], [3563, 10, 20], [3907, 21, 20], [3520, 16.4, 20], [3897, 18.5, 20], [3233, 15.4, 20], [1965, 15.7, 30], [2451, 16.5, 30], [2380, 20.7, 30], [4325, 12.2, 20], [4382, 13.5, 10], [4054, 14.3, 20], [3415, 15.8, 20]]

3. most 
 [2130, 24.6, 40]

3. most 
 [2130, 24.6, 40]

3. most 
 [2130, 24.6, 40]

3. most 
 [2130, 24.6, 40]

3. most 
 [2130, 24.6, 40]

3. most 
 [2130, 24.6, 40]

3. most 
 [2130, 24.6, 40]

3. most 
 [2130, 24.6, 40]

3. most 
 [2130, 24.6, 40]

3. most 
 [2130, 24.6, 40]

3. most 
 [2130, 24.6, 40]

3. most 
 [2130, 24.6, 40]

3. most 
 [2130, 24.6, 40]

3. most 
 [2130, 24.6, 40]

3. most 
 [2130, 24.6, 40]

3. most 
 [2130, 24.6, 40]

3. most 
 [2130, 24.6, 40]

3. most 
 [2130, 24.6, 40]

3. most 
 [2130, 24.6, 40]

3. most 
 [2130, 24.6, 40]

4: rand 
 [2836.25, 15.274999999999999, 22.5]

4: rand 
 [2710.2, 16.9, 28.0]

4: rand 
 [3079.0, 15.549999999999999, 21.666666666666668]

4: rand 
 [2981.1428571428573, 15.200000000000001, 20.0]

4: rand 
 [2715.625, 16.3, 22.5]

4: rand 
 [3568.6666666666665, 14.544444444444444, 17.77777777777778]

4: rand 
 [3075.2, 14.559999999999999, 23.0]

4: rand 
 [2863.0, 15.936363636363636, 24.545454545454547]

4: rand 
 [2859.9166666666665, 15.408333333333337, 25.833333333333332]

4: rand 
 [3087.6153846153848, 15.446153846153846, 23.846153846153847]

4: rand 
 [2878.0714285714284, 15.314285714285715, 23.571428571428573]

4: rand 
 [2871.9333333333334, 16.6, 24.0]

4: rand 
 [3026.5625, 15.78125, 26.25]

4: rand 
 [2818.176470588235, 15.541176470588232, 27.647058823529413]

4: rand 
 [3130.722222222222, 15.75, 22.22222222222222]

4: rand 
 [2705.4210526315787, 16.810526315789474, 26.31578947368421]

4: rand 
 [3249.5, 16.475, 20.0]

4: rand 
 [2962.2, 15.219999999999999, 24.0]

4: rand 
 [2539.1666666666665, 14.866666666666667, 28.333333333333332]

4: rand 
 [2766.714285714286, 16.97142857142857, 25.714285714285715]

4: rand 
 [2908.25, 14.95, 25.0]

4: rand 
 [2790.4444444444443, 18.044444444444444, 26.666666666666668]

4: rand 
 [3517.0, 15.3, 21.0]

4: rand 
 [2742.5454545454545, 15.245454545454544, 25.454545454545453]

4: rand 
 [2830.25, 16.316666666666666, 23.333333333333332]

4: rand 
 [2915.3846153846152, 16.092307692307692, 22.307692307692307]

4: rand 
 [2778.1428571428573, 15.55, 21.428571428571427]

4: rand 
 [2598.4666666666667, 16.773333333333333, 25.333333333333332]

4: rand 
 [2957.125, 15.837499999999999, 24.375]

4: rand 
 [2969.176470588235, 14.9, 21.764705882352942]

4: rand 
 [2945.722222222222, 15.883333333333333, 22.22222222222222]

4: rand 
 [2771.2631578947367, 15.936842105263159, 23.157894736842106]

4: rand 
 [2703.0, 19.425, 25.0]

4: rand 
 [2828.8, 15.64, 24.0]

4: rand 
 [3143.1666666666665, 16.283333333333335, 23.333333333333332]

4: rand 
 [2837.4285714285716, 14.342857142857143, 24.285714285714285]

4: rand 
 [3092.375, 14.825000000000001, 23.75]

4: rand 
 [3187.5555555555557, 16.444444444444443, 22.22222222222222]

4: rand 
 [3187.6, 14.710000000000003, 25.0]

4: rand 
 [3394.818181818182, 15.581818181818186, 22.727272727272727]

4: rand 
 [3107.1666666666665, 15.658333333333333, 20.0]

4: rand 
 [3109.153846153846, 14.946153846153846, 21.53846153846154]

4: rand 
 [3065.214285714286, 15.078571428571427, 21.428571428571427]

4: rand 
 [3041.3333333333335, 15.44, 23.333333333333332]

4: rand 
 [2870.4375, 17.056250000000002, 25.0]

4: rand 
 [2764.823529411765, 15.46470588235294, 24.11764705882353]

4: rand 
 [3298.722222222222, 14.700000000000001, 21.11111111111111]

4: rand 
 [3264.684210526316, 15.757894736842108, 21.05263157894737]

4: rand 
 [2890.75, 15.825, 22.5]

4: rand 
 [3302.0, 15.940000000000001, 22.0]

4: rand 
 [3524.1666666666665, 15.549999999999999, 23.333333333333332]

4: rand 
 [2693.1428571428573, 15.5, 25.714285714285715]

4: rand 
 [2665.125, 16.45, 25.0]

4: rand 
 [2947.6666666666665, 17.12222222222222, 24.444444444444443]

4: rand 
 [3165.7, 15.14, 24.0]

4: rand 
 [3201.181818181818, 15.145454545454545, 24.545454545454547]

4: rand 
 [3040.1666666666665, 14.833333333333334, 25.833333333333332]

4: rand 
 [2878.923076923077, 13.81538461538462, 24.615384615384617]

4: rand 
 [2712.285714285714, 15.678571428571429, 27.142857142857142]

4: rand 
 [3005.6, 14.826666666666664, 24.666666666666668]

4: rand 
 [3006.125, 16.2625, 22.5]

4: rand 
 [2922.176470588235, 15.935294117647057, 25.294117647058822]

4: rand 
 [3040.8888888888887, 16.26111111111111, 23.88888888888889]

4: rand 
 [2421.315789473684, 15.46842105263158, 27.894736842105264]

4: rand 
 [3133.25, 14.075, 22.5]

4: rand 
 [2975.0, 14.120000000000001, 20.0]

4: rand 
 [2594.1666666666665, 16.7, 33.333333333333336]

4: rand 
 [3894.1428571428573, 14.299999999999999, 17.142857142857142]

4: rand 
 [2839.125, 16.4125, 22.5]

4: rand 
 [3451.5555555555557, 15.38888888888889, 17.77777777777778]

4: rand 
 [2959.8, 16.15, 25.0]

4: rand 
 [2702.0, 15.98181818181818, 26.363636363636363]

4: rand 
 [3077.0833333333335, 14.066666666666668, 20.0]

4: rand 
 [3197.5384615384614, 14.415384615384614, 23.846153846153847]

4: rand 
 [3059.3571428571427, 17.121428571428574, 22.857142857142858]

4: rand 
 [3181.5333333333333, 15.373333333333333, 22.0]

4: rand 
 [2895.75, 15.71875, 21.875]

4: rand 
 [2752.823529411765, 15.258823529411764, 28.235294117647058]

4: rand 
 [2964.5, 15.450000000000001, 22.22222222222222]

4: rand 
 [2930.5789473684213, 15.68421052631579, 25.789473684210527]

4: rand 
 [3716.5, 15.774999999999999, 17.5]

4: rand 
 [2537.0, 14.74, 26.0]

4: rand 
 [2616.6666666666665, 16.95, 28.333333333333332]

4: rand 
 [3228.4285714285716, 15.857142857142858, 22.857142857142858]

4: rand 
 [2580.375, 15.075000000000001, 23.75]

4: rand 
 [3203.3333333333335, 15.100000000000001, 20.0]

4: rand 
 [3167.8, 15.34, 22.0]

4: rand 
 [3096.5454545454545, 15.390909090909092, 25.454545454545453]

4: rand 
 [2870.5, 14.275, 23.333333333333332]

4: rand 
 [3180.076923076923, 15.653846153846153, 20.0]

4: rand 
 [3193.8571428571427, 14.514285714285714, 21.428571428571427]

4: rand 
 [3063.8, 16.14, 24.0]

4: rand 
 [2585.9375, 16.275, 29.375]

4: rand 
 [2928.0, 16.464705882352945, 27.058823529411764]

4: rand 
 [2641.8333333333335, 16.544444444444444, 25.0]

4: rand 
 [2941.5789473684213, 15.18421052631579, 24.210526315789473]

4: rand 
 [3199.0, 15.575, 25.0]

4: rand 
 [2594.2, 16.860000000000003, 26.0]

4: rand 
 [2246.5, 16.86666666666667, 26.666666666666668]

4: rand 
 [3005.1428571428573, 15.685714285714287, 24.285714285714285]

4: rand 
 [2410.125, 15.9125, 31.25]

4: rand 
 [2807.3333333333335, 15.700000000000001, 25.555555555555557]

4: rand 
 [3022.1, 15.899999999999997, 22.0]

4: rand 
 [3351.909090909091, 14.609090909090908, 19.09090909090909]

4: rand 
 [2847.75, 15.625, 26.666666666666668]

4: rand 
 [3035.3076923076924, 15.061538461538463, 21.53846153846154]

4: rand 
 [3231.5, 14.292857142857143, 21.428571428571427]

4: rand 
 [3031.6, 15.000000000000002, 24.0]

4: rand 
 [3205.1875, 14.56875, 18.125]

4: rand 
 [3228.1176470588234, 14.68235294117647, 22.352941176470587]

4: rand 
 [3518.1666666666665, 14.244444444444444, 20.0]

4: rand 
 [3118.4736842105262, 14.668421052631578, 23.68421052631579]

4: rand 
 [3074.5, 14.2, 22.5]

4: rand 
 [2263.8, 16.44, 32.0]

4: rand 
 [2731.6666666666665, 13.516666666666666, 26.666666666666668]

4: rand 
 [3225.5714285714284, 14.185714285714283, 21.428571428571427]

4: rand 
 [2727.375, 15.9, 23.75]

4: rand 
 [2954.0, 15.155555555555557, 23.333333333333332]

4: rand 
 [2658.9, 15.969999999999999, 28.0]

4: rand 
 [2843.090909090909, 16.572727272727274, 25.454545454545453]

4: rand 
 [2988.5833333333335, 16.416666666666668, 24.166666666666668]

4: rand 
 [3031.3076923076924, 15.423076923076923, 23.076923076923077]

4: rand 
 [3221.3571428571427, 14.221428571428572, 21.428571428571427]

4: rand 
 [3383.0, 15.52, 18.666666666666668]

4: rand 
 [2954.6875, 14.88125, 21.25]

4: rand 
 [2775.176470588235, 15.882352941176471, 25.88235294117647]

4: rand 
 [2884.4444444444443, 15.994444444444444, 23.333333333333332]

4: rand 
 [3062.2105263157896, 16.405263157894737, 25.789473684210527]

4: rand 
 [2397.25, 15.95, 27.5]

4: rand 
 [3694.4, 13.5, 16.0]

4: rand 
 [2673.0, 17.233333333333334, 28.333333333333332]

4: rand 
 [2892.8571428571427, 14.442857142857141, 25.714285714285715]

4: rand 
 [2583.0, 17.925, 27.5]

4: rand 
 [2993.777777777778, 15.122222222222222, 22.22222222222222]

4: rand 
 [3242.8, 16.13, 24.0]

4: rand 
 [2985.6363636363635, 15.054545454545455, 20.90909090909091]

4: rand 
 [2917.25, 15.291666666666666, 21.666666666666668]

4: rand 
 [2484.230769230769, 17.184615384615384, 26.153846153846153]

4: rand 
 [3054.785714285714, 15.907142857142857, 22.857142857142858]

4: rand 
 [2803.3333333333335, 15.866666666666665, 24.0]

4: rand 
 [2806.0, 15.718749999999998, 23.75]

4: rand 
 [2912.294117647059, 15.01764705882353, 24.705882352941178]

4: rand 
 [2818.6666666666665, 16.21111111111111, 23.88888888888889]

4: rand 
 [2918.4736842105262, 15.442105263157893, 23.68421052631579]

4: rand 
 [3271.5, 15.2, 25.0]

4: rand 
 [2373.4, 15.52, 26.0]

4: rand 
 [2877.5, 15.0, 26.666666666666668]

4: rand 
 [2935.0, 16.071428571428573, 24.285714285714285]

4: rand 
 [2623.625, 15.6125, 25.0]

4: rand 
 [2885.4444444444443, 15.044444444444444, 22.22222222222222]

4: rand 
 [3048.7, 15.74, 22.0]

4: rand 
 [3379.5454545454545, 15.409090909090907, 21.818181818181817]

4: rand 
 [2917.0, 15.858333333333334, 27.5]

4: rand 
 [2962.769230769231, 15.984615384615385, 23.846153846153847]

4: rand 
 [3068.214285714286, 15.457142857142857, 22.857142857142858]

4: rand 
 [2525.0, 16.213333333333335, 27.333333333333332]

4: rand 
 [2923.5625, 15.24375, 22.5]

4: rand 
 [3016.8823529411766, 15.764705882352942, 24.705882352941178]

4: rand 
 [2667.3333333333335, 16.355555555555558, 26.666666666666668]

4: rand 
 [2897.5263157894738, 14.794736842105264, 22.63157894736842]

4: rand 
 [2853.0, 13.75, 17.5]

4: rand 
 [2613.6, 15.64, 26.0]

4: rand 
 [3270.6666666666665, 12.883333333333335, 20.0]

4: rand 
 [2915.0, 14.428571428571429, 22.857142857142858]

4: rand 
 [3005.0, 16.6375, 26.25]

4: rand 
 [2849.8888888888887, 16.233333333333334, 25.555555555555557]

4: rand 
 [2717.4, 15.289999999999997, 24.0]

4: rand 
 [3356.818181818182, 14.7, 21.818181818181817]

4: rand 
 [2713.5, 16.26666666666667, 28.333333333333332]

4: rand 
 [2799.0, 16.56923076923077, 26.153846153846153]

4: rand 
 [2831.4285714285716, 15.321428571428571, 24.285714285714285]

4: rand 
 [3003.4, 16.14666666666667, 22.666666666666668]

4: rand 
 [3450.625, 15.2875, 19.375]

4: rand 
 [3093.1176470588234, 15.588235294117647, 23.529411764705884]

4: rand 
 [2920.3888888888887, 15.33888888888889, 23.333333333333332]

4: rand 
 [3116.2105263157896, 15.878947368421052, 24.736842105263158]

4: rand 
 [2134.5, 16.975, 27.5]

4: rand 
 [4058.0, 14.38, 16.0]

4: rand 
 [2862.8333333333335, 15.566666666666665, 26.666666666666668]

4: rand 
 [3140.0, 14.514285714285714, 25.714285714285715]

4: rand 
 [3196.5, 16.7, 22.5]

4: rand 
 [2972.777777777778, 15.555555555555555, 23.333333333333332]

4: rand 
 [3152.1, 14.969999999999999, 22.0]

4: rand 
 [3226.6363636363635, 15.200000000000001, 21.818181818181817]

4: rand 
 [2521.6666666666665, 14.833333333333336, 25.833333333333332]

4: rand 
 [3049.5384615384614, 13.669230769230769, 22.307692307692307]

4: rand 
 [2856.8571428571427, 16.764285714285716, 24.285714285714285]

4: rand 
 [2721.733333333333, 16.653333333333332, 26.0]

4: rand 
 [2726.4375, 16.056250000000002, 25.625]

4: rand 
 [2975.529411764706, 14.48235294117647, 25.294117647058822]

4: rand 
 [2962.1111111111113, 15.427777777777777, 24.444444444444443]

4: rand 
 [3026.7894736842104, 15.194736842105263, 23.68421052631579]

4: rand 
 [2728.0, 15.0, 22.5]

4: rand 
 [2702.0, 15.2, 28.0]

4: rand 
 [3346.3333333333335, 15.933333333333332, 20.0]

4: rand 
 [2656.714285714286, 17.428571428571427, 28.571428571428573]

4: rand 
 [3363.25, 16.375, 18.75]

4: rand 
 [3246.3333333333335, 16.0, 21.11111111111111]

4: rand 
 [3215.5, 16.299999999999997, 22.0]

4: rand 
 [3327.4545454545455, 15.863636363636362, 21.818181818181817]

4: rand 
 [2957.75, 14.391666666666666, 24.166666666666668]

4: rand 
 [2696.6153846153848, 16.215384615384615, 26.153846153846153]

4: rand 
 [3043.0, 15.742857142857144, 24.285714285714285]

4: rand 
 [3228.866666666667, 14.280000000000001, 20.0]

4: rand 
 [2757.5625, 15.8, 26.25]

4: rand 
 [3217.823529411765, 14.911764705882353, 20.58823529411765]

4: rand 
 [2800.3333333333335, 14.866666666666665, 25.0]

4: rand 
 [2929.3684210526317, 16.2, 23.68421052631579]

4: rand 
 [2614.25, 15.7, 30.0]

4: rand 
 [3293.4, 14.36, 18.0]

4: rand 
 [2905.5, 14.716666666666667, 25.0]

4: rand 
 [2441.5714285714284, 17.942857142857143, 27.142857142857142]

4: rand 
 [3514.625, 16.7625, 21.25]

4: rand 
 [3148.4444444444443, 15.988888888888889, 21.11111111111111]

4: rand 
 [2646.5, 15.4, 27.0]

4: rand 
 [2679.2727272727275, 15.518181818181818, 26.363636363636363]

4: rand 
 [2786.5, 15.733333333333333, 25.833333333333332]

4: rand 
 [2895.230769230769, 16.476923076923075, 23.846153846153847]

4: rand 
 [2935.0, 16.014285714285712, 24.285714285714285]

4: rand 
 [2862.6, 15.206666666666667, 23.333333333333332]

4: rand 
 [2767.0, 15.5125, 27.5]

4: rand 
 [2983.294117647059, 16.75294117647059, 22.352941176470587]

4: rand 
 [3126.5555555555557, 15.477777777777776, 23.88888888888889]

4: rand 
 [3039.9473684210525, 15.77894736842105, 22.105263157894736]

4: rand 
 [3018.0, 17.4, 22.5]

4: rand 
 [3060.4, 18.18, 24.0]

4: rand 
 [2945.8333333333335, 15.416666666666666, 23.333333333333332]

4: rand 
 [2617.5714285714284, 16.599999999999998, 25.714285714285715]

4: rand 
 [3254.125, 13.425, 22.5]

4: rand 
 [2735.3333333333335, 16.700000000000003, 26.666666666666668]

4: rand 
 [3150.8, 13.98, 22.0]

4: rand 
 [2657.4545454545455, 16.554545454545455, 26.363636363636363]

4: rand 
 [2892.75, 15.383333333333333, 25.0]

4: rand 
 [2931.3846153846152, 15.946153846153845, 23.076923076923077]

4: rand 
 [2725.3571428571427, 17.17857142857143, 24.285714285714285]

4: rand 
 [2865.4666666666667, 15.76666666666667, 26.666666666666668]

4: rand 
 [3145.9375, 16.15625, 23.125]

4: rand 
 [2910.823529411765, 16.370588235294115, 24.11764705882353]

4: rand 
 [2575.1111111111113, 15.944444444444445, 26.666666666666668]

4: rand 
 [3176.0526315789475, 15.947368421052635, 21.57894736842105]

4: rand 
 [2367.0, 16.05, 27.5]

4: rand 
 [2977.0, 15.52, 20.0]

4: rand 
 [3202.0, 15.050000000000002, 21.666666666666668]

4: rand 
 [3496.1428571428573, 15.457142857142857, 18.571428571428573]

4: rand 
 [2908.375, 16.925, 25.0]

4: rand 
 [2526.8888888888887, 17.522222222222222, 28.88888888888889]

4: rand 
 [3175.2, 14.55, 21.0]

4: rand 
 [3343.090909090909, 17.072727272727274, 22.727272727272727]

4: rand 
 [2396.1666666666665, 17.241666666666664, 30.0]

4: rand 
 [2898.4615384615386, 14.899999999999999, 24.615384615384617]

4: rand 
 [3079.214285714286, 15.371428571428572, 26.428571428571427]

4: rand 
 [3240.3333333333335, 14.706666666666665, 22.0]

4: rand 
 [3082.25, 13.950000000000001, 21.875]

4: rand 
 [2744.764705882353, 16.041176470588233, 27.058823529411764]

4: rand 
 [2878.6111111111113, 15.350000000000001, 25.0]

4: rand 
 [2765.5263157894738, 16.7, 24.210526315789473]

4: rand 
 [2796.0, 15.875, 27.5]

4: rand 
 [3204.8, 16.46, 18.0]

4: rand 
 [2571.3333333333335, 17.099999999999998, 25.0]

4: rand 
 [3040.5714285714284, 15.3, 21.428571428571427]

4: rand 
 [3194.375, 16.3625, 21.25]

4: rand 
 [3032.3333333333335, 14.755555555555556, 25.555555555555557]

4: rand 
 [2766.1, 16.75, 24.0]

4: rand 
 [3027.181818181818, 14.345454545454544, 24.545454545454547]

4: rand 
 [3325.1666666666665, 14.983333333333334, 18.333333333333332]

4: rand 
 [2970.769230769231, 15.953846153846154, 26.153846153846153]

4: rand 
 [2714.214285714286, 16.099999999999998, 25.714285714285715]

4: rand 
 [2917.8, 14.9, 25.333333333333332]

4: rand 
 [2924.0625, 14.10625, 23.125]

4: rand 
 [2883.529411764706, 15.735294117647058, 25.88235294117647]

4: rand 
 [2726.3888888888887, 15.544444444444444, 26.666666666666668]

4: rand 
 [3101.5789473684213, 15.31578947368421, 22.63157894736842]

4: rand 
 [3566.25, 16.35, 17.5]

4: rand 
 [3083.2, 15.4, 22.0]

4: rand 
 [2452.3333333333335, 15.066666666666668, 30.0]

4: rand 
 [2825.8571428571427, 17.142857142857142, 24.285714285714285]

4: rand 
 [2599.875, 15.537500000000001, 27.5]

4: rand 
 [2462.4444444444443, 16.866666666666664, 25.555555555555557]

4: rand 
 [3669.5, 15.639999999999997, 20.0]

4: rand 
 [3315.090909090909, 16.145454545454545, 21.818181818181817]

4: rand 
 [3044.8333333333335, 15.799999999999999, 20.833333333333332]

4: rand 
 [2994.5384615384614, 15.653846153846153, 23.076923076923077]

4: rand 
 [2916.0, 15.778571428571427, 23.571428571428573]

4: rand 
 [3043.8, 15.1, 25.333333333333332]

4: rand 
 [3390.875, 14.762500000000001, 21.875]

4: rand 
 [2722.9411764705883, 15.44705882352941, 25.88235294117647]

4: rand 
 [3129.5555555555557, 16.083333333333336, 25.0]

4: rand 
 [2673.0526315789475, 14.963157894736844, 25.263157894736842]

4: rand 
 [3472.25, 16.25, 17.5]

4: rand 
 [3360.8, 14.560000000000002, 20.0]

4: rand 
 [2836.3333333333335, 15.199999999999998, 26.666666666666668]

4: rand 
 [2745.714285714286, 16.057142857142857, 21.428571428571427]

4: rand 
 [3405.875, 14.1, 20.0]

4: rand 
 [2710.222222222222, 16.566666666666666, 25.555555555555557]

4: rand 
 [2744.9, 15.73, 30.0]

4: rand 
 [2588.090909090909, 16.009090909090904, 29.09090909090909]

4: rand 
 [3282.9166666666665, 14.575000000000001, 20.0]

4: rand 
 [2786.6153846153848, 15.346153846153847, 26.923076923076923]

4: rand 
 [2925.5, 15.392857142857142, 23.571428571428573]

4: rand 
 [2980.2, 15.053333333333333, 24.666666666666668]

4: rand 
 [3016.25, 15.33125, 23.125]

4: rand 
 [2945.9411764705883, 15.276470588235293, 27.058823529411764]

4: rand 
 [2503.1111111111113, 16.677777777777777, 27.77777777777778]

4: rand 
 [2840.842105263158, 15.568421052631576, 24.210526315789473]

4: rand 
 [2648.75, 15.299999999999999, 27.5]

4: rand 
 [3499.2, 13.98, 24.0]

4: rand 
 [3106.1666666666665, 17.633333333333333, 26.666666666666668]

4: rand 
 [2701.0, 17.5, 21.428571428571427]

4: rand 
 [2923.375, 16.425, 25.0]

4: rand 
 [3256.222222222222, 15.666666666666666, 22.22222222222222]

4: rand 
 [2800.2, 15.48, 24.0]

4: rand 
 [2877.5454545454545, 16.063636363636366, 22.727272727272727]

4: rand 
 [2912.6666666666665, 15.416666666666666, 25.833333333333332]

4: rand 
 [2747.153846153846, 16.599999999999998, 26.153846153846153]

4: rand 
 [3037.0714285714284, 16.057142857142857, 23.571428571428573]

4: rand 
 [2933.8, 16.166666666666668, 23.333333333333332]

4: rand 
 [3283.375, 15.912500000000001, 23.75]

4: rand 
 [2959.823529411765, 15.082352941176469, 24.11764705882353]

4: rand 
 [2958.9444444444443, 16.005555555555556, 25.0]

4: rand 
 [2954.4736842105262, 16.110526315789475, 23.157894736842106]

5: mid 
 [2428.2105263157896, 16.42834008097166, 28.178137651821864]

5: mid 
 [2502.6826568265683, 16.434317343173433, 27.527675276752767]

5: mid 
 [2397.603375527426, 16.403375527426164, 28.39662447257384]

5: mid 
 [2341.9532710280373, 16.484112149532713, 29.252336448598133]

5: mid 
 [2332.4306220095696, 16.5311004784689, 29.282296650717704]

5: mid 
 [2327.0676328502414, 16.543961352657007, 29.3719806763285]

5: mid 
 [2328.4784688995214, 16.526794258373208, 29.1866028708134]

5: mid 
 [2330.366666666667, 16.50809523809524, 29.142857142857142]

5: mid 
 [2330.957142857143, 16.49571428571429, 29.095238095238095]

5: mid 
 [2331.44019138756, 16.50526315789474, 29.09090909090909]

5: mid 
 [2328.548076923077, 16.51490384615385, 29.134615384615383]

5: mid 
 [2328.548076923077, 16.51490384615385, 29.134615384615383]

5: mid 
 [2305.0552763819096, 16.59045226130653, 29.34673366834171]

5: mid 
 [2328.4444444444443, 16.51352657004831, 29.130434782608695]

5: mid 
 [2328.4444444444443, 16.51352657004831, 29.130434782608695]

5: mid 
 [2328.4444444444443, 16.51352657004831, 29.130434782608695]

5: mid 
 [3077.313043478261, 15.503188405797085, 23.159420289855074]

5: mid 
 [2826.7561837455833, 15.487279151943456, 25.335689045936395]

5: mid 
 [2827.981884057971, 15.460869565217381, 25.36231884057971]

5: mid 
 [2819.554347826087, 15.46268115942028, 25.39855072463768]

5: mid 
 [3017.650641025641, 15.469230769230753, 23.58974358974359]

5: mid 
 [3014.684887459807, 15.477170418006414, 23.60128617363344]

5: mid 
 [2714.949019607843, 15.623137254901957, 26.15686274509804]

5: mid 
 [2716.5433070866143, 15.611811023622044, 26.181102362204726]

5: mid 
 [2716.5433070866143, 15.611811023622044, 26.181102362204726]

5: mid 
 [2716.5433070866143, 15.611811023622044, 26.181102362204726]

5: mid 
 [2718.3320158102765, 15.612252964426874, 26.16600790513834]

5: mid 
 [2906.5956678700363, 15.2812274368231, 24.657039711191334]

5: mid 
 [2908.485507246377, 15.289855072463762, 24.63768115942029]

5: mid 
 [2931.6725352112676, 15.333098591549287, 24.471830985915492]

5: mid 
 [2931.6725352112676, 15.333098591549287, 24.471830985915492]

5: mid 
 [2933.52296819788, 15.320141342756175, 24.487632508833922]

5: mid 
 [2320.056338028169, 16.29014084507043, 27.746478873239436]

5: mid 
 [2324.565476190476, 16.514880952380953, 29.464285714285715]

5: mid 
 [2536.7527272727275, 16.54545454545454, 27.418181818181818]

5: mid 
 [2463.932, 16.4692, 28.08]

5: mid 
 [2383.3410138248846, 16.39539170506913, 29.078341013824886]

5: mid 
 [2394.645502645503, 16.322222222222223, 29.523809523809526]

5: mid 
 [2400.075, 16.415500000000005, 29.15]

5: mid 
 [2396.529126213592, 16.41553398058253, 29.12621359223301]

5: mid 
 [2360.9154228855723, 16.452238805970158, 29.303482587064675]

5: mid 
 [2370.076923076923, 16.41490384615385, 29.23076923076923]

5: mid 
 [2375.2388059701493, 16.416915422885577, 29.203980099502488]

5: mid 
 [2376.796954314721, 16.354314720812187, 29.289340101522843]

5: mid 
 [2405.6265822784812, 16.467721518987346, 30.0]

5: mid 
 [2372.841346153846, 16.42692307692308, 29.182692307692307]

5: mid 
 [2409.3872832369943, 16.341040462427753, 29.653179190751445]

5: mid 
 [2398.1506024096384, 16.417469879518073, 29.819277108433734]

5: mid 
 [2351.0639269406392, 16.46803652968037, 29.041095890410958]

5: mid 
 [2336.7570093457944, 16.510747663551406, 29.1588785046729]

5: mid 
 [2311.937198067633, 16.525120772946863, 29.3719806763285]

5: mid 
 [2318.975, 16.478500000000004, 29.45]

5: mid 
 [2323.711229946524, 16.522459893048136, 29.67914438502674]

5: mid 
 [2320.304347826087, 16.52995169082126, 29.32367149758454]

5: mid 
 [2318.457286432161, 16.511557788944728, 29.44723618090452]

5: mid 
 [2319.1365853658535, 16.510731707317078, 29.26829268292683]

5: mid 
 [2319.1365853658535, 16.510731707317078, 29.26829268292683]

5: mid 
 [2320.9950980392155, 16.520588235294124, 29.264705882352942]

5: mid 
 [2320.9950980392155, 16.520588235294124, 29.264705882352942]

5: mid 
 [2319.442786069652, 16.555721393034833, 29.35323383084577]

5: mid 
 [2319.442786069652, 16.555721393034833, 29.35323383084577]

5: mid 
 [2318.3535353535353, 16.590404040404046, 29.444444444444443]

5: mid 
 [2318.3535353535353, 16.590404040404046, 29.444444444444443]

5: mid 
 [2317.3768844221104, 16.574874371859302, 29.396984924623116]

5: mid 
 [3410.6008230452676, 14.960905349794235, 20.45267489711934]

5: mid 
 [3094.757575757576, 15.412121212121209, 23.804713804713806]

5: mid 
 [3007.157894736842, 15.499122807017535, 23.450292397660817]

5: mid 
 [3010.7201166180757, 15.480174927113694, 23.46938775510204]

5: mid 
 [2989.026392961877, 15.558651026392951, 23.6950146627566]

5: mid 
 [3064.054054054054, 14.911891891891898, 24.0]

5: mid 
 [2329.3039215686276, 16.573039215686283, 29.264705882352942]

5: mid 
 [2322.3168316831684, 16.555445544554463, 29.455445544554454]

5: mid 
 [2306.1692307692306, 16.617948717948728, 29.487179487179485]

5: mid 
 [2306.1692307692306, 16.617948717948728, 29.487179487179485]

5: mid 
 [2305.582474226804, 16.63917525773197, 29.536082474226806]

5: mid 
 [2306.1692307692306, 16.617948717948728, 29.487179487179485]

5: mid 
 [2306.1692307692306, 16.617948717948728, 29.487179487179485]

5: mid 
 [2318.180904522613, 16.5889447236181, 29.396984924623116]

5: mid 
 [2318.180904522613, 16.5889447236181, 29.396984924623116]

5: mid 
 [2307.180412371134, 16.611340206185577, 29.38144329896907]

5: mid 
 [2973.5304568527918, 15.557868020304563, 23.756345177664976]

5: mid 
 [2975.8167938931297, 15.55699745547073, 23.740458015267176]

5: mid 
 [2974.6530612244896, 15.543112244897952, 23.75]

5: mid 
 [2975.099744245524, 15.54603580562659, 23.734015345268542]

5: mid 
 [2972.5692307692307, 15.550256410256402, 23.743589743589745]

5: mid 
 [2958.0826666666667, 15.60426666666666, 23.973333333333333]

5: mid 
 [2723.924, 15.702, 26.12]

5: mid 
 [2724.873015873016, 15.670634920634921, 26.071428571428573]

5: mid 
 [2742.0592885375495, 15.634387351778656, 25.968379446640316]

5: mid 
 [2742.0592885375495, 15.634387351778656, 25.968379446640316]

5: mid 
 [3025.8794788273617, 15.42605863192182, 23.485342019543975]

5: mid 
 [3018.970588235294, 15.43725490196078, 23.529411764705884]

5: mid 
 [3022.1475409836066, 15.431147540983604, 23.475409836065573]

5: mid 
 [3042.076411960133, 15.492358803986708, 23.322259136212626]

5: mid 
 [3046.598662207358, 15.495986622073577, 23.31103678929766]

5: mid 
 [3049.3456375838928, 15.501006711409394, 23.288590604026847]

5: mid 
 [2417.1833333333334, 16.45041666666667, 28.416666666666668]

5: mid 
 [2475.9960784313726, 16.489803921568626, 27.96078431372549]

5: mid 
 [2317.663414634146, 16.53268292682927, 29.317073170731707]

5: mid 
 [2317.663414634146, 16.53268292682927, 29.317073170731707]

5: mid 
 [2331.0, 16.529186602870816, 29.282296650717704]

5: mid 
 [2365.331818181818, 16.421818181818185, 29.0]

5: mid 
 [2368.0045454545457, 16.435909090909096, 29.0]

5: mid 
 [2368.0045454545457, 16.435909090909096, 29.0]

5: mid 
 [2358.1355140186915, 16.514018691588788, 29.065420560747665]

5: mid 
 [2354.1220657276995, 16.49342723004695, 29.014084507042252]

5: mid 
 [2353.3632075471696, 16.501415094339627, 29.056603773584907]

5: mid 
 [2353.3632075471696, 16.501415094339627, 29.056603773584907]

5: mid 
 [2352.8009478672984, 16.513270142180097, 29.099526066350712]

5: mid 
 [2342.0143540669856, 16.526315789473685, 29.1866028708134]

5: mid 
 [2341.7596153846152, 16.528846153846157, 29.23076923076923]

5: mid 
 [2341.7596153846152, 16.528846153846157, 29.23076923076923]

5: mid 
 [2614.2344827586207, 16.40965517241379, 27.06896551724138]

5: mid 
 [2719.4827586206898, 16.205329153605003, 26.20689655172414]

5: mid 
 [2671.631921824104, 16.29837133550488, 26.579804560260587]

5: mid 
 [2470.3174603174602, 16.49047619047619, 28.134920634920636]

5: mid 
 [2434.910204081633, 16.433469387755103, 28.3265306122449]

5: mid 
 [2396.480686695279, 16.41502145922747, 28.583690987124463]

5: mid 
 [2435.740740740741, 16.43374485596708, 28.31275720164609]

5: mid 
 [2398.2974137931033, 16.42025862068966, 28.57758620689655]

5: mid 
 [2400.9442060085835, 16.422746781115883, 28.626609442060087]

5: mid 
 [2326.918269230769, 16.545673076923087, 29.23076923076923]

5: mid 
 [2326.918269230769, 16.545673076923087, 29.23076923076923]

5: mid 
 [2417.5471698113206, 16.33820754716982, 28.67924528301887]

5: mid 
 [2413.2631578947367, 16.33875598086125, 28.708133971291865]

5: mid 
 [2323.3951219512196, 16.54780487804879, 29.317073170731707]

5: mid 
 [2341.073891625616, 16.487192118226613, 29.16256157635468]

5: mid 
 [2338.059405940594, 16.47029702970298, 29.10891089108911]

5: mid 
 [2487.1570881226053, 16.343678160919538, 27.701149425287355]

5: mid 
 [2455.0787401574803, 16.457086614173228, 27.992125984251967]

5: mid 
 [2376.5065502183406, 16.42969432314411, 28.777292576419214]

5: mid 
 [2383.2034632034633, 16.422943722943725, 28.7012987012987]

5: mid 
 [2352.283105022831, 16.469406392694065, 29.041095890410958]

5: mid 
 [2349.3853211009173, 16.47844036697248, 29.08256880733945]

5: mid 
 [2348.2073732718895, 16.464055299539172, 29.078341013824886]

5: mid 
 [2345.6082949308757, 16.400460829493092, 29.12442396313364]

5: mid 
 [2335.8971962616824, 16.4392523364486, 29.1588785046729]

5: mid 
 [2351.0412844036696, 16.417431192660555, 29.128440366972477]

5: mid 
 [2342.9627906976743, 16.418139534883725, 29.209302325581394]

5: mid 
 [2308.8514851485147, 16.540099009900995, 29.455445544554454]

5: mid 
 [2308.3152709359606, 16.475862068965522, 29.408866995073893]

5: mid 
 [2306.502512562814, 16.49597989949749, 29.44723618090452]

5: mid 
 [2310.827027027027, 16.544324324324325, 29.675675675675677]

5: mid 
 [2311.4139784946237, 16.52258064516129, 29.623655913978496]

5: mid 
 [2358.4414414414414, 16.390990990990993, 28.963963963963963]

5: mid 
 [2556.7794676806084, 16.53307984790873, 26.806083650190114]

5: mid 
 [2336.2093023255816, 16.44372093023256, 29.11627906976744]

5: mid 
 [2319.1747572815534, 16.54611650485437, 29.368932038834952]

5: mid 
 [2315.0731707317073, 16.531219512195126, 29.365853658536587]

5: mid 
 [2315.0731707317073, 16.531219512195126, 29.365853658536587]

5: mid 
 [2315.295566502463, 16.53251231527094, 29.35960591133005]

5: mid 
 [2317.8186274509803, 16.529411764705884, 29.313725490196077]

5: mid 
 [2314.1732673267325, 16.52772277227723, 29.356435643564357]

5: mid 
 [2314.1732673267325, 16.52772277227723, 29.356435643564357]

5: mid 
 [2314.92039800995, 16.535323383084577, 29.35323383084577]

5: mid 
 [2316.8905472636816, 16.539800995024876, 29.253731343283583]

5: mid 
 [2312.725, 16.544000000000004, 29.3]

5: mid 
 [2319.9752475247524, 16.54554455445545, 29.257425742574256]

5: mid 
 [2312.520202020202, 16.52474747474748, 29.343434343434343]

5: mid 
 [2312.520202020202, 16.52474747474748, 29.343434343434343]

5: mid 
 [2352.9761904761904, 16.482380952380954, 29.142857142857142]

5: mid 
 [2443.2520325203254, 16.44308943089431, 28.048780487804876]

5: mid 
 [2358.159817351598, 16.47853881278539, 28.995433789954337]

5: mid 
 [2351.1085714285714, 16.471999999999998, 29.885714285714286]

5: mid 
 [2354.6084905660377, 16.53160377358491, 29.056603773584907]

5: mid 
 [2355.2938388625594, 16.541706161137444, 29.0521327014218]

5: mid 
 [2342.7, 16.49142857142857, 29.142857142857142]

5: mid 
 [2348.644549763033, 16.48436018957346, 28.95734597156398]

5: mid 
 [2342.004784688995, 16.48803827751196, 28.995215311004785]

5: mid 
 [2335.21359223301, 16.539805825242716, 28.980582524271846]

5: mid 
 [2336.141463414634, 16.532682926829267, 28.975609756097562]

5: mid 
 [2336.141463414634, 16.532682926829267, 28.975609756097562]

5: mid 
 [2336.141463414634, 16.532682926829267, 28.975609756097562]

5: mid 
 [2326.8916256157636, 16.550738916256158, 29.064039408866996]

5: mid 
 [2329.3762376237623, 16.572277227722772, 29.059405940594058]

5: mid 
 [2329.3762376237623, 16.572277227722772, 29.059405940594058]

5: mid 
 [2380.6782608695653, 16.417391304347824, 28.73913043478261]

5: mid 
 [2378.4541484716156, 16.413537117903925, 28.777292576419214]

5: mid 
 [2362.9638009049772, 16.413122171945698, 29.004524886877828]

5: mid 
 [2362.9638009049772, 16.413122171945698, 29.004524886877828]

5: mid 
 [2363.6136363636365, 16.424090909090907, 29.045454545454547]

5: mid 
 [2363.6136363636365, 16.424090909090907, 29.045454545454547]

5: mid 
 [2369.572072072072, 16.43513513513513, 28.963963963963963]

5: mid 
 [2347.336448598131, 16.448598130841116, 29.065420560747665]

5: mid 
 [2349.474178403756, 16.47464788732394, 29.154929577464788]

5: mid 
 [2349.474178403756, 16.47464788732394, 29.154929577464788]

5: mid 
 [2349.474178403756, 16.47464788732394, 29.154929577464788]

5: mid 
 [2349.0943396226417, 16.48396226415094, 29.19811320754717]

5: mid 
 [2349.0943396226417, 16.48396226415094, 29.19811320754717]

5: mid 
 [2351.264150943396, 16.46132075471698, 29.245283018867923]

5: mid 
 [2351.264150943396, 16.46132075471698, 29.245283018867923]

5: mid 
 [2348.8151658767774, 16.465876777251182, 29.28909952606635]

5: mid 
 [2569.2935153583617, 16.49624573378839, 26.89419795221843]

5: mid 
 [2569.2935153583617, 16.49624573378839, 26.89419795221843]

5: mid 
 [2569.2935153583617, 16.49624573378839, 26.89419795221843]

5: mid 
 [2539.2285714285713, 16.48964285714285, 27.178571428571427]

5: mid 
 [2566.810344827586, 16.49275862068965, 26.93103448275862]

5: mid 
 [2453.5059760956174, 16.454581673306773, 27.96812749003984]

5: mid 
 [2551.872340425532, 16.516666666666662, 27.092198581560282]

5: mid 
 [2399.655172413793, 16.43922413793104, 28.57758620689655]

5: mid 
 [2369.3153153153153, 16.4445945945946, 28.963963963963963]

5: mid 
 [2359.6574074074074, 16.492129629629634, 29.12037037037037]

5: mid 
 [2361.7557603686637, 16.482949308755764, 29.078341013824886]

5: mid 
 [2357.9581395348837, 16.510232558139542, 29.162790697674417]

5: mid 
 [2347.8779342723005, 16.498591549295778, 29.154929577464788]

5: mid 
 [2363.277777777778, 16.482870370370375, 29.02777777777778]

5: mid 
 [2356.5023255813953, 16.481860465116284, 29.069767441860463]

5: mid 
 [2346.806603773585, 16.500000000000004, 29.150943396226417]

5: mid 
 [2319.645933014354, 16.51913875598086, 29.282296650717704]

5: mid 
 [2319.328502415459, 16.52270531400966, 29.27536231884058]

5: mid 
 [2977.0911528150136, 15.572654155495968, 23.94101876675603]

5: mid 
 [2981.388140161725, 15.571698113207539, 23.881401617250674]

5: mid 
 [2365.7899543378994, 16.47077625570776, 28.949771689497716]

5: mid 
 [2548.5803571428573, 15.946874999999995, 27.589285714285715]

5: mid 
 [2347.872641509434, 16.462264150943394, 29.19811320754717]

5: mid 
 [2745.6785714285716, 15.643650793650792, 25.952380952380953]

5: mid 
 [2744.391304347826, 15.631225296442688, 25.92885375494071]

5: mid 
 [2747.175298804781, 15.65418326693227, 25.89641434262948]

5: mid 
 [2748.204, 15.653999999999998, 25.88]

5: mid 
 [2748.204, 15.653999999999998, 25.88]

5: mid 
 [2748.204, 15.653999999999998, 25.88]

5: mid 
 [2332.6372549019607, 16.550490196078428, 29.166666666666668]

5: mid 
 [2331.4926108374384, 16.56502463054187, 29.16256157635468]

5: mid 
 [2332.0845771144277, 16.60049751243781, 29.253731343283583]

5: mid 
 [2343.689814814815, 16.471296296296302, 29.12037037037037]

5: mid 
 [2441.9714285714285, 16.44326530612245, 28.20408163265306]

5: mid 
 [2442.1008771929824, 16.424561403508772, 28.596491228070175]

5: mid 
 [2322.855769230769, 16.556250000000002, 29.326923076923077]

5: mid 
 [2323.8115942028985, 16.56618357487923, 29.32367149758454]

5: mid 
 [2323.1941747572814, 16.566504854368937, 29.320388349514563]

5: mid 
 [2325.5700483091787, 16.55652173913044, 29.27536231884058]

5: mid 
 [2325.5700483091787, 16.55652173913044, 29.27536231884058]

5: mid 
 [2324.941463414634, 16.57414634146342, 29.26829268292683]

5: mid 
 [2326.391089108911, 16.61732673267327, 29.356435643564357]

5: mid 
 [2326.391089108911, 16.61732673267327, 29.356435643564357]

5: mid 
 [2320.25, 16.612000000000002, 29.3]

5: mid 
 [2320.25, 16.612000000000002, 29.3]

5: mid 
 [2326.48, 16.614500000000003, 29.3]

5: mid 
 [2326.48, 16.614500000000003, 29.3]

5: mid 
 [2326.48, 16.614500000000003, 29.3]

5: mid 
 [2463.706896551724, 16.381034482758615, 31.379310344827587]

5: mid 
 [2452.5, 16.450000000000003, 32.083333333333336]

5: mid 
 [2364.7244444444445, 16.414666666666673, 28.977777777777778]

5: mid 
 [2321.129186602871, 16.549760765550243, 29.282296650717704]

5: mid 
 [2318.122549019608, 16.605882352941183, 29.46078431372549]

5: mid 
 [2318.122549019608, 16.605882352941183, 29.46078431372549]

5: mid 
 [2321.695652173913, 16.548309178743967, 29.32367149758454]

5: mid 
 [2321.695652173913, 16.548309178743967, 29.32367149758454]

5: mid 
 [2324.4759615384614, 16.52932692307693, 29.326923076923077]

5: mid 
 [2319.762376237624, 16.598514851485156, 29.455445544554454]

5: mid 
 [2315.582089552239, 16.583582089552245, 29.45273631840796]

5: mid 
 [2312.170854271357, 16.57688442211056, 29.497487437185928]

5: mid 
 [2312.170854271357, 16.57688442211056, 29.497487437185928]

5: mid 
 [2318.854922279793, 16.588601036269434, 29.533678756476682]

5: mid 
 [2318.854922279793, 16.588601036269434, 29.533678756476682]

5: mid 
 [2317.0201005025124, 16.575376884422116, 29.396984924623116]

5: mid 
 [2873.1264705882354, 15.682647058823518, 24.41176470588235]

5: mid 
 [2493.752808988764, 16.427715355805244, 27.640449438202246]

5: mid 
 [2371.645631067961, 16.44514563106796, 29.320388349514563]

5: mid 
 [2366.2328767123286, 16.453881278538812, 29.17808219178082]

5: mid 
 [2384.5087719298244, 16.46228070175438, 28.903508771929825]

5: mid 
 [2384.5087719298244, 16.46228070175438, 28.903508771929825]

5: mid 
 [2409.2447257383965, 16.44008438818565, 28.565400843881857]

5: mid 
 [2370.238532110092, 16.450458715596326, 29.128440366972477]

5: mid 
 [2381.5384615384614, 16.461025641025643, 29.435897435897434]

5: mid 
 [2380.862433862434, 16.442857142857143, 29.523809523809526]

5: mid 
 [2348.2616822429904, 16.481775700934577, 29.345794392523363]

5: mid 
 [2509.862222222222, 16.247111111111106, 28.22222222222222]

5: mid 
 [2509.9553571428573, 16.252678571428564, 28.258928571428573]

5: mid 
 [2338.3084577114428, 16.528358208955222, 29.303482587064675]

5: mid 
 [2338.3084577114428, 16.528358208955222, 29.303482587064675]

5: mid 
 [2371.7718446601943, 16.348058252427183, 28.83495145631068]

5: mid 
 [2590.6363636363635, 16.394949494949497, 26.767676767676768]

5: mid 
 [2568.6109215017063, 16.482252559726962, 26.996587030716725]

5: mid 
 [2540.0, 16.481071428571433, 27.178571428571427]

5: mid 
 [2366.9464285714284, 16.382589285714285, 28.928571428571427]

5: mid 
 [2735.3938223938226, 15.5965250965251, 26.023166023166024]

5: mid 
 [2545.3859649122805, 15.9140350877193, 27.587719298245613]

5: mid 
 [2737.779069767442, 15.596899224806204, 26.007751937984494]

5: mid 
 [2731.7859922178986, 15.620622568093388, 26.03112840466926]

5: mid 
 [2351.8252427184466, 16.394174757281558, 28.932038834951456]

5: mid 
 [2352.9268292682927, 16.391219512195125, 28.926829268292682]

5: mid 
 [2530.9504504504503, 15.97792792792793, 27.61261261261261]

5: mid 
 [2530.9504504504503, 15.97792792792793, 27.61261261261261]

5: mid 
 [2669.8702928870293, 15.916317991631802, 26.778242677824267]

5: mid 
 [2534.1447963800906, 15.966063348416291, 27.556561085972852]

5: mid 
 [2534.1447963800906, 15.966063348416291, 27.556561085972852]

5: mid 
 [2535.2545454545457, 15.961363636363641, 27.545454545454547]

5: mid 
 [2423.684210526316, 16.310526315789474, 24.842105263157894]

5: mid 
 [2453.8582677165355, 16.421653543307087, 27.992125984251967]

5: mid 
 [2407.016806722689, 16.411344537815133, 28.529411764705884]

5: mid 
 [2386.5521739130436, 16.433043478260878, 28.82608695652174]

5: mid 
 [2413.714285714286, 16.44243697478992, 28.529411764705884]

5: mid 
 [2364.8355555555554, 16.400888888888897, 28.933333333333334]

5: mid 
 [2363.0627802690583, 16.405829596412563, 28.968609865470853]

5: mid 
 [2377.5022026431716, 16.39911894273129, 28.898678414096917]

5: mid 
 [2384.5589519650657, 16.417030567685597, 28.820960698689955]

5: mid 
 [2404.782978723404, 16.4272340425532, 28.595744680851062]

5: mid 
 [2404.782978723404, 16.4272340425532, 28.595744680851062]

5: mid 
 [2384.5589519650657, 16.417030567685597, 28.820960698689955]

5: mid 
 [2356.0229357798166, 16.43807339449542, 28.94495412844037]

5: mid 
 [2378.951327433628, 16.39513274336284, 28.849557522123895]

5: mid 
 [2354.9305555555557, 16.45555555555556, 28.98148148148148]

5: mid 
 [2354.9305555555557, 16.45555555555556, 28.98148148148148]

5: mid 
 [2442.728744939271, 16.476518218623482, 28.218623481781375]

5: mid 
 [2485.5023696682465, 16.502843601895737, 28.578199052132703]

5: mid 
 [2475.4439252336447, 16.46635514018692, 28.738317757009344]

5: mid 
 [2400.6637931034484, 16.497844827586206, 28.663793103448278]

5: mid 
 [2352.9861751152075, 16.49861751152074, 29.078341013824886]

5: mid 
 [2354.577981651376, 16.482110091743124, 29.08256880733945]

5: mid 
 [2353.769585253456, 16.525806451612908, 29.032258064516128]

5: mid 
 [2360.388127853881, 16.457534246575346, 28.904109589041095]

5: mid 
 [2360.388127853881, 16.457534246575346, 28.904109589041095]

5: mid 
 [2358.830275229358, 16.473853211009178, 28.89908256880734]

5: mid 
 [2357.1658986175116, 16.478801843317978, 28.89400921658986]

5: mid 
 [2320.8439024390245, 16.579512195121954, 29.121951219512194]

5: mid 
 [2320.8439024390245, 16.579512195121954, 29.121951219512194]

5: mid 
 [2359.7453703703704, 16.48842592592593, 28.84259259259259]

5: mid 
 [2361.3133640552996, 16.471889400921665, 28.847926267281107]

5: mid 
 [2319.122549019608, 16.575000000000003, 29.11764705882353]

6: top: 
 [2395, 18, 30]

6: top: 
 [2395, 18, 30]

6: top: 
 [2110, 17.9, 50]

6: top: 
 [2110, 17.9, 50]

6: top: 
 [2110, 17.9, 50]

6: top: 
 [2110, 17.9, 50]

6: top: 
 [2110, 17.9, 50]

6: top: 
 [2110, 17.9, 50]

6: top: 
 [2110, 17.9, 50]

6: top: 
 [2110, 17.9, 50]

6: top: 
 [2110, 17.9, 50]

6: top: 
 [2110, 17.9, 50]

6: top: 
 [2110, 17.9, 50]

6: top: 
 [2110, 17.9, 50]

6: top: 
 [2110, 17.9, 50]

6: top: 
 [2110, 17.9, 50]

6: top: 
 [1970, 17.6, 30]

6: top: 
 [1970, 17.6, 30]

6: top: 
 [1970, 17.6, 30]

6: top: 
 [1970, 17.6, 30]

6: top: 
 [1835, 17.3, 40]

6: top: 
 [1835, 17.3, 40]

6: top: 
 [1835, 17.3, 40]

6: top: 
 [1835, 17.3, 40]

6: top: 
 [1835, 17.3, 40]

6: top: 
 [1835, 17.3, 40]

6: top: 
 [1835, 17.3, 40]

6: top: 
 [1835, 17.3, 40]

6: top: 
 [1835, 17.3, 40]

6: top: 
 [1835, 17.3, 40]

6: top: 
 [1835, 17.3, 40]

6: top: 
 [1835, 17.3, 40]

6: top: 
 [1795, 17.5, 30]

6: top: 
 [1795, 17.5, 30]

6: top: 
 [1795, 17.5, 30]

6: top: 
 [3015, 17, 40]

6: top: 
 [2110, 19.2, 40]

6: top: 
 [2110, 19.2, 40]

6: top: 
 [2110, 19.2, 40]

6: top: 
 [2110, 19.2, 40]

6: top: 
 [2110, 19.2, 40]

6: top: 
 [2110, 19.2, 40]

6: top: 
 [2110, 19.2, 40]

6: top: 
 [2110, 19.2, 40]

6: top: 
 [2110, 19.2, 40]

6: top: 
 [2110, 19.2, 40]

6: top: 
 [2110, 19.2, 40]

6: top: 
 [2110, 19.2, 40]

6: top: 
 [2171, 16, 30]

6: top: 
 [2171, 16, 30]

6: top: 
 [2220, 16.9, 30]

6: top: 
 [2220, 16.9, 30]

6: top: 
 [2220, 16.9, 30]

6: top: 
 [2720, 19.4, 30]

6: top: 
 [2720, 19.4, 30]

6: top: 
 [2720, 19.4, 30]

6: top: 
 [2720, 19.4, 30]

6: top: 
 [2720, 19.4, 30]

6: top: 
 [2720, 19.4, 30]

6: top: 
 [2720, 19.4, 30]

6: top: 
 [2720, 19.4, 30]

6: top: 
 [2720, 19.4, 30]

6: top: 
 [2720, 19.4, 30]

6: top: 
 [2720, 19.4, 30]

6: top: 
 [2125, 17.3, 40]

6: top: 
 [2125, 17.3, 40]

6: top: 
 [2125, 17.3, 40]

6: top: 
 [2125, 17.3, 40]

6: top: 
 [2125, 17.3, 40]

6: top: 
 [2125, 17.3, 40]

6: top: 
 [2125, 17.3, 40]

6: top: 
 [2125, 17.3, 40]

6: top: 
 [1835, 17.3, 40]

6: top: 
 [1835, 17.3, 40]

6: top: 
 [1835, 17.3, 40]

6: top: 
 [1835, 17.3, 40]

6: top: 
 [1835, 17.3, 40]

6: top: 
 [1835, 17.3, 40]

6: top: 
 [1835, 17.3, 40]

6: top: 
 [2110, 17.9, 50]

6: top: 
 [1975, 19.4, 40]

6: top: 
 [1975, 19.4, 40]

6: top: 
 [1975, 19.4, 40]

6: top: 
 [1975, 19.4, 40]

6: top: 
 [1975, 19.4, 40]

6: top: 
 [1975, 19.4, 40]

6: top: 
 [1975, 19.4, 40]

6: top: 
 [1975, 19.4, 40]

6: top: 
 [1975, 19.4, 40]

6: top: 
 [1975, 19.4, 40]

6: top: 
 [1975, 19.4, 40]

6: top: 
 [1975, 19.4, 40]

6: top: 
 [1975, 19.4, 40]

6: top: 
 [1975, 19.4, 40]

6: top: 
 [1975, 19.4, 40]

6: top: 
 [1975, 19.4, 40]

6: top: 
 [2246, 14, 30]

6: top: 
 [1867, 19.5, 30]

6: top: 
 [1867, 19.5, 30]

6: top: 
 [1867, 19.5, 30]

6: top: 
 [1867, 19.5, 30]

6: top: 
 [1867, 19.5, 30]

6: top: 
 [1867, 19.5, 30]

6: top: 
 [1867, 19.5, 30]

6: top: 
 [1867, 19.5, 30]

6: top: 
 [1867, 19.5, 30]

6: top: 
 [1867, 19.5, 30]

6: top: 
 [1867, 19.5, 30]

6: top: 
 [1867, 19.5, 30]

6: top: 
 [1867, 19.5, 30]

6: top: 
 [1867, 19.5, 30]

6: top: 
 [1867, 19.5, 30]

6: top: 
 [2123, 14, 30]

6: top: 
 [2123, 14, 30]

6: top: 
 [2123, 14, 30]

6: top: 
 [2123, 14, 30]

6: top: 
 [2123, 14, 30]

6: top: 
 [1835, 17.3, 40]

6: top: 
 [1835, 17.3, 40]

6: top: 
 [1835, 17.3, 40]

6: top: 
 [1835, 17.3, 40]

6: top: 
 [1835, 17.3, 40]

6: top: 
 [1835, 17.3, 40]

6: top: 
 [1835, 17.3, 40]

6: top: 
 [1835, 17.3, 40]

6: top: 
 [1835, 17.3, 40]

6: top: 
 [1825, 18.6, 40]

6: top: 
 [1825, 18.6, 40]

6: top: 
 [2800, 14.4, 30]

6: top: 
 [2246, 14, 30]

6: top: 
 [2246, 14, 30]

6: top: 
 [2246, 14, 30]

6: top: 
 [2246, 14, 30]

6: top: 
 [2246, 14, 30]

6: top: 
 [2605, 19.6, 30]

6: top: 
 [2605, 19.6, 30]

6: top: 
 [2605, 19.6, 30]

6: top: 
 [2605, 19.6, 30]

6: top: 
 [2605, 19.6, 30]

6: top: 
 [2335, 23.7, 40]

6: top: 
 [2335, 23.7, 40]

6: top: 
 [2335, 23.7, 40]

6: top: 
 [2335, 23.7, 40]

6: top: 
 [2335, 23.7, 40]

6: top: 
 [2074, 19.5, 30]

6: top: 
 [2074, 19.5, 30]

6: top: 
 [2074, 19.5, 30]

6: top: 
 [2074, 19.5, 30]

6: top: 
 [2074, 19.5, 30]

6: top: 
 [2074, 19.5, 30]

6: top: 
 [1755, 16.9, 40]

6: top: 
 [1755, 16.9, 40]

6: top: 
 [1755, 16.9, 40]

6: top: 
 [1755, 16.9, 40]

6: top: 
 [1755, 16.9, 40]

6: top: 
 [1755, 16.9, 40]

6: top: 
 [1755, 16.9, 40]

6: top: 
 [1755, 16.9, 40]

6: top: 
 [1755, 16.9, 40]

6: top: 
 [1755, 16.9, 40]

6: top: 
 [3190, 24.8, 30]

6: top: 
 [3190, 24.8, 30]

6: top: 
 [3190, 24.8, 30]

6: top: 
 [3190, 24.8, 30]

6: top: 
 [3190, 24.8, 30]

6: top: 
 [3190, 24.8, 30]

6: top: 
 [3190, 24.8, 30]

6: top: 
 [2189, 18, 30]

6: top: 
 [2189, 18, 30]

6: top: 
 [2189, 18, 30]

6: top: 
 [2145, 18, 30]

6: top: 
 [2145, 18, 30]

6: top: 
 [2145, 18, 30]

6: top: 
 [2145, 18, 30]

6: top: 
 [2145, 18, 30]

6: top: 
 [2145, 18, 30]

6: top: 
 [2050, 17.3, 40]

6: top: 
 [2050, 17.3, 40]

6: top: 
 [2050, 17.3, 40]

6: top: 
 [2050, 17.3, 40]

6: top: 
 [2050, 17.3, 40]

6: top: 
 [2050, 17.3, 40]

6: top: 
 [2050, 17.3, 40]

6: top: 
 [2050, 17.3, 40]

6: top: 
 [2050, 17.3, 40]

6: top: 
 [2050, 17.3, 40]

6: top: 
 [2050, 17.3, 40]

6: top: 
 [2050, 17.3, 40]

6: top: 
 [2050, 17.3, 40]

6: top: 
 [2050, 17.3, 40]

6: top: 
 [2050, 17.3, 40]

6: top: 
 [2050, 17.3, 40]

6: top: 
 [3015, 17, 40]

6: top: 
 [3015, 17, 40]

6: top: 
 [3015, 17, 40]

6: top: 
 [1834, 19, 30]

6: top: 
 [1834, 19, 30]

6: top: 
 [1834, 19, 30]

6: top: 
 [1834, 19, 30]

6: top: 
 [1834, 19, 30]

6: top: 
 [1834, 19, 30]

6: top: 
 [1834, 19, 30]

6: top: 
 [1834, 19, 30]

6: top: 
 [1834, 19, 30]

6: top: 
 [1834, 19, 30]

6: top: 
 [1834, 19, 30]

6: top: 
 [1834, 19, 30]

6: top: 
 [1834, 19, 30]

6: top: 
 [2045, 18.5, 30]

6: top: 
 [1875, 16.4, 40]

6: top: 
 [1875, 16.4, 40]

6: top: 
 [1875, 16.4, 40]

6: top: 
 [1875, 16.4, 40]

6: top: 
 [1875, 16.4, 40]

6: top: 
 [1875, 16.4, 40]

6: top: 
 [1875, 16.4, 40]

6: top: 
 [1875, 16.4, 40]

6: top: 
 [1875, 16.4, 40]

6: top: 
 [1875, 16.4, 40]

6: top: 
 [1875, 16.4, 40]

6: top: 
 [1875, 16.4, 40]

6: top: 
 [1875, 16.4, 40]

6: top: 
 [1875, 16.4, 40]

6: top: 
 [1875, 16.4, 40]

6: top: 
 [1970, 17.6, 30]

6: top: 
 [1970, 17.6, 30]

6: top: 
 [1970, 17.6, 30]

6: top: 
 [1970, 17.6, 30]

6: top: 
 [1970, 17.6, 30]

6: top: 
 [1970, 17.6, 30]

6: top: 
 [1970, 17.6, 30]

6: top: 
 [1970, 17.6, 30]

6: top: 
 [1965, 15, 40]

6: top: 
 [1965, 15, 40]

6: top: 
 [1965, 15, 40]

6: top: 
 [1965, 15, 40]

6: top: 
 [1965, 15, 40]

6: top: 
 [1965, 15, 40]

6: top: 
 [1965, 15, 40]

6: top: 
 [1965, 15, 40]

6: top: 
 [2605, 19.6, 30]

6: top: 
 [2605, 19.6, 30]

6: top: 
 [2605, 19.6, 30]

6: top: 
 [2019, 16.4, 40]

6: top: 
 [2019, 16.4, 40]

6: top: 
 [2019, 16.4, 40]

6: top: 
 [2019, 16.4, 40]

6: top: 
 [2019, 16.4, 40]

6: top: 
 [2019, 16.4, 40]

6: top: 
 [2019, 16.4, 40]

6: top: 
 [2019, 16.4, 40]

6: top: 
 [2019, 16.4, 40]

6: top: 
 [2019, 16.4, 40]

6: top: 
 [2019, 16.4, 40]

6: top: 
 [2019, 16.4, 40]

6: top: 
 [2019, 16.4, 40]

6: top: 
 [2120, 15.5, 30]

6: top: 
 [2120, 15.5, 30]

6: top: 
 [2120, 15.5, 30]

6: top: 
 [2120, 15.5, 30]

6: top: 
 [2120, 15.5, 30]

6: top: 
 [2120, 15.5, 30]

6: top: 
 [2120, 15.5, 30]

6: top: 
 [2120, 15.5, 30]

6: top: 
 [2120, 15.5, 30]

6: top: 
 [2120, 15.5, 30]

6: top: 
 [2120, 15.5, 30]

6: top: 
 [2125, 17.3, 40]

6: top: 
 [2125, 17.3, 40]

6: top: 
 [1825, 18.6, 40]

6: top: 
 [1825, 18.6, 40]

6: top: 
 [1825, 18.6, 40]

6: top: 
 [2865, 16.4, 20]

6: top: 
 [2865, 16.4, 20]

6: top: 
 [2110, 19.2, 40]

6: top: 
 [2110, 19.2, 40]

6: top: 
 [2110, 19.2, 40]

6: top: 
 [2110, 19.2, 40]

6: top: 
 [2110, 19.2, 40]

6: top: 
 [2110, 19.2, 40]

6: top: 
 [2110, 19.2, 40]

6: top: 
 [2110, 19.2, 40]

6: top: 
 [2110, 19.2, 40]

6: top: 
 [2110, 19.2, 40]

6: top: 
 [2110, 19.2, 40]

6: top: 
 [2110, 19.2, 40]

6: top: 
 [2110, 19.2, 40]

6: top: 
 [2110, 19.2, 40]

6: top: 
 [2126, 17, 30]

6: top: 
 [2126, 17, 30]

6: top: 
 [2126, 17, 30]

6: top: 
 [2126, 17, 30]

6: top: 
 [2126, 17, 30]

6: top: 
 [2126, 17, 30]

6: top: 
 [2126, 17, 30]

6: top: 
 [2126, 17, 30]

6: top: 
 [2126, 17, 30]

6: top: 
 [2126, 17, 30]

6: top: 
 [2126, 17, 30]

6: top: 
 [2126, 17, 30]

6: top: 
 [2050, 17.3, 40]

6: top: 
 [2050, 17.3, 40]

6: top: 
 [2050, 17.3, 40]

6: top: 
 [2050, 17.3, 40]

6: top: 
 [1963, 15.5, 30]

6: top: 
 [1963, 15.5, 30]

6: top: 
 [1963, 15.5, 30]

6: top: 
 [2500, 15.1, 40]

6: top: 
 [2500, 15.1, 40]

6: top: 
 [2500, 15.1, 40]

6: top: 
 [2500, 15.1, 40]

6: top: 
 [2110, 17.9, 50]

6: top: 
 [2110, 17.9, 50]

6: top: 
 [2110, 17.9, 50]

6: top: 
 [2110, 17.9, 50]

6: top: 
 [2110, 17.9, 50]

6: top: 
 [2110, 17.9, 50]

6: top: 
 [2110, 17.9, 50]

6: top: 
 [2110, 17.9, 50]

6: top: 
 [2110, 17.9, 50]

