Cluster Output

|.. 
|.. |.. 
|.. |.. |.. 
|.. |.. |.. |.. 	[4.0, 100.75, 0, 81.04, 3, 2152.88, 16.45, 34.58]
|.. |.. |.. |.. 	[3.84, 84.32, 0, 77.0, 3, 2047.64, 17.0, 31.2]
|.. |.. |.. 
|.. |.. |.. |.. 	[4.16, 115.64, 0, 74.84, 3, 2375.28, 15.36, 26.0]
|.. |.. |.. |.. 	[4.0, 96.84, 0, 78.56, 2, 2140.88, 16.76, 33.6]
|.. |.. 
|.. |.. |.. 
|.. |.. |.. |.. 	[4.0, 103.74, 0, 71.64, 2, 2285.96, 17.18, 26.4]
|.. |.. |.. |.. 	[4.0, 102.76, 0, 75.64, 2, 2305.56, 16.11, 27.6]
|.. |.. |.. 
|.. |.. |.. |.. 	[4.64, 156.92, 0, 72.88, 1, 2578.52, 16.13, 22.8]
|.. |.. |.. |.. 	[5.64, 190.48, 0, 75.36, 1, 3118.56, 16.43, 22.8]
|.. 
|.. |.. 
|.. |.. |.. 
|.. |.. |.. |.. 	[4.0, 122.46, 0, 81.67, 1, 2477.92, 16.57, 30.83]
|.. |.. |.. |.. 	[4.64, 156.8, 0, 79.72, 1, 2727.88, 15.51, 26.4]
|.. |.. |.. 
|.. |.. |.. |.. 	[6.0, 218.68, 0, 76.88, 1, 3340.84, 16.89, 20.0]
|.. |.. |.. |.. 	[6.24, 248.92, 0, 76.32, 1, 3385.44, 17.51, 20.8]
|.. |.. 
|.. |.. |.. 
|.. |.. |.. |.. 	[8.0, 306.4, 0, 76.6, 1, 3912.24, 13.89, 17.6]
|.. |.. |.. |.. 	[8.0, 317.96, 0, 71.76, 1, 4002.24, 12.94, 13.6]
|.. |.. |.. 
|.. |.. |.. |.. 	[8.0, 351.92, 0, 74.68, 1, 4185.24, 13.47, 14.8]
|.. |.. |.. |.. 	[8.0, 413.68, 0, 72.0, 1, 4437.32, 10.97, 13.2]

                 [5.45, 193.43, 0, 76.01, 1, 2970.42, 15.57, 23.84]
                 _ ['Clndrs', 'Volume', 'HpX', 'Model', 'origin', 'Lbs-', 'Acc+', 'Mpg+']
evals: 30

Optimization Output

Single Descent Output
[4.0, 99.09, 0, 80.04, 2, 2136.61, 16.46, 34.35]
evals: 5

Double Tap Output
[4.0, 73.5, 0, 74.0, 3, 1742.5, 18.75, 30.0] [5.54, 199.63, 0, 76.27, 1, 3024.07, 15.44, 23.64]
9
